2023-12-25T15:56:51.259426+00:00 INFO 'ansible_navigator.setup_logger' New ansible-navigator instance, logging initialized
2023-12-25T15:56:51.259791+00:00 INFO 'ansible_navigator.setup_logger' New ansible-runner instance, logging initialized
2023-12-25T15:56:51.259849+00:00 DEBUG 'ansible_navigator.main' Jinja2==3.1.2 
2023-12-25T15:56:51.259882+00:00 DEBUG 'ansible_navigator.main' MarkupSafe==2.1.3 
2023-12-25T15:56:51.259912+00:00 DEBUG 'ansible_navigator.main' Parsley==1.3 
2023-12-25T15:56:51.259940+00:00 DEBUG 'ansible_navigator.main' PyNaCl==1.5.0 
2023-12-25T15:56:51.259969+00:00 DEBUG 'ansible_navigator.main' PyYAML==5.4.1 
2023-12-25T15:56:51.259996+00:00 DEBUG 'ansible_navigator.main' Pygments==2.17.2 
2023-12-25T15:56:51.260023+00:00 DEBUG 'ansible_navigator.main' ansible-builder==3.0.0 
2023-12-25T15:56:51.260049+00:00 DEBUG 'ansible_navigator.main' ansible-compat==4.1.10 
2023-12-25T15:56:51.260075+00:00 DEBUG 'ansible_navigator.main' ansible-core==2.15.8 
2023-12-25T15:56:51.260101+00:00 DEBUG 'ansible_navigator.main' ansible-lint==6.22.1 
2023-12-25T15:56:51.260128+00:00 DEBUG 'ansible_navigator.main' ansible-navigator==3.5.0 
2023-12-25T15:56:51.260216+00:00 DEBUG 'ansible_navigator.main' ansible-runner==2.3.4 
2023-12-25T15:56:51.260245+00:00 DEBUG 'ansible_navigator.main' ansible==7.7.0 /home/iac-admin/.local/lib/python3.9/site-packages/ansible/__init__.py
2023-12-25T15:56:51.260273+00:00 DEBUG 'ansible_navigator.main' attrs==23.1.0 /usr/local/lib/python3.9/site-packages/attrs/__init__.py
2023-12-25T15:56:51.260300+00:00 DEBUG 'ansible_navigator.main' bcrypt==4.1.2 /usr/local/lib64/python3.9/site-packages/bcrypt/__init__.py
2023-12-25T15:56:51.260327+00:00 DEBUG 'ansible_navigator.main' bindep==2.11.0 /home/iac-admin/.local/lib/python3.9/site-packages/bindep/__init__.py
2023-12-25T15:56:51.260353+00:00 DEBUG 'ansible_navigator.main' black==23.12.1 /home/iac-admin/.local/lib/python3.9/site-packages/black/__init__.cpython-39-x86_64-linux-gnu.so
2023-12-25T15:56:51.260381+00:00 DEBUG 'ansible_navigator.main' bracex==2.4 /home/iac-admin/.local/lib/python3.9/site-packages/bracex/__init__.py
2023-12-25T15:56:51.260407+00:00 DEBUG 'ansible_navigator.main' certifi==2023.11.17 /usr/local/lib/python3.9/site-packages/certifi/__init__.py
2023-12-25T15:56:51.260433+00:00 DEBUG 'ansible_navigator.main' cffi==1.16.0 /usr/local/lib64/python3.9/site-packages/cffi/__init__.py
2023-12-25T15:56:51.260491+00:00 DEBUG 'ansible_navigator.main' charset-normalizer==3.3.2 
2023-12-25T15:56:51.260521+00:00 DEBUG 'ansible_navigator.main' click==8.1.7 /home/iac-admin/.local/lib/python3.9/site-packages/click/__init__.py
2023-12-25T15:56:51.260549+00:00 DEBUG 'ansible_navigator.main' cryptography==41.0.7 /usr/local/lib64/python3.9/site-packages/cryptography/__init__.py
2023-12-25T15:56:51.260576+00:00 DEBUG 'ansible_navigator.main' dbus-python==1.2.18 
2023-12-25T15:56:51.260603+00:00 DEBUG 'ansible_navigator.main' distro==1.9.0 /home/iac-admin/.local/lib/python3.9/site-packages/distro/__init__.py
2023-12-25T15:56:51.260629+00:00 DEBUG 'ansible_navigator.main' docker-compose==1.29.2 
2023-12-25T15:56:51.260656+00:00 DEBUG 'ansible_navigator.main' docker==6.1.3 /usr/local/lib/python3.9/site-packages/docker/__init__.py
2023-12-25T15:56:51.260682+00:00 DEBUG 'ansible_navigator.main' dockerpty==0.4.1 /usr/local/lib/python3.9/site-packages/dockerpty/__init__.py
2023-12-25T15:56:51.260708+00:00 DEBUG 'ansible_navigator.main' docopt==0.6.2 /usr/local/lib/python3.9/site-packages/docopt.py
2023-12-25T15:56:51.260735+00:00 DEBUG 'ansible_navigator.main' docutils==0.20.1 /home/iac-admin/.local/lib/python3.9/site-packages/docutils/__init__.py
2023-12-25T15:56:51.260761+00:00 DEBUG 'ansible_navigator.main' filelock==3.13.1 /home/iac-admin/.local/lib/python3.9/site-packages/filelock/__init__.py
2023-12-25T15:56:51.260788+00:00 DEBUG 'ansible_navigator.main' idna==3.6 /usr/local/lib/python3.9/site-packages/idna/__init__.py
2023-12-25T15:56:51.260813+00:00 DEBUG 'ansible_navigator.main' importlib-metadata==6.2.1 
2023-12-25T15:56:51.260840+00:00 DEBUG 'ansible_navigator.main' importlib-resources==5.0.7 
2023-12-25T15:56:51.260872+00:00 DEBUG 'ansible_navigator.main' jsonschema-specifications==2023.12.1 
2023-12-25T15:56:51.260900+00:00 DEBUG 'ansible_navigator.main' jsonschema==4.20.0 /home/iac-admin/.local/lib/python3.9/site-packages/jsonschema/__init__.py
2023-12-25T15:56:51.260927+00:00 DEBUG 'ansible_navigator.main' lockfile==0.12.2 /home/iac-admin/.local/lib/python3.9/site-packages/lockfile/__init__.py
2023-12-25T15:56:51.260953+00:00 DEBUG 'ansible_navigator.main' markdown-it-py==3.0.0 
2023-12-25T15:56:51.260979+00:00 DEBUG 'ansible_navigator.main' mdurl==0.1.2 /home/iac-admin/.local/lib/python3.9/site-packages/mdurl/__init__.py
2023-12-25T15:56:51.261006+00:00 DEBUG 'ansible_navigator.main' mypy-extensions==1.0.0 
2023-12-25T15:56:51.261033+00:00 DEBUG 'ansible_navigator.main' onigurumacffi==1.3.0 /home/iac-admin/.local/lib/python3.9/site-packages/onigurumacffi.py
2023-12-25T15:56:51.261059+00:00 DEBUG 'ansible_navigator.main' packaging==23.2 /usr/local/lib/python3.9/site-packages/packaging/__init__.py
2023-12-25T15:56:51.261085+00:00 DEBUG 'ansible_navigator.main' paramiko==3.4.0 /usr/local/lib/python3.9/site-packages/paramiko/__init__.py
2023-12-25T15:56:51.261111+00:00 DEBUG 'ansible_navigator.main' pathspec==0.12.1 /home/iac-admin/.local/lib/python3.9/site-packages/pathspec/__init__.py
2023-12-25T15:56:51.261136+00:00 DEBUG 'ansible_navigator.main' pbr==6.0.0 /home/iac-admin/.local/lib/python3.9/site-packages/pbr/__init__.py
2023-12-25T15:56:51.261163+00:00 DEBUG 'ansible_navigator.main' pexpect==4.9.0 /home/iac-admin/.local/lib/python3.9/site-packages/pexpect/__init__.py
2023-12-25T15:56:51.261188+00:00 DEBUG 'ansible_navigator.main' pip==23.3.2 /usr/local/lib/python3.9/site-packages/pip/__init__.py
2023-12-25T15:56:51.261214+00:00 DEBUG 'ansible_navigator.main' platformdirs==4.1.0 /home/iac-admin/.local/lib/python3.9/site-packages/platformdirs/__init__.py
2023-12-25T15:56:51.261240+00:00 DEBUG 'ansible_navigator.main' ply==3.11 /usr/lib/python3.9/site-packages/ply/__init__.py
2023-12-25T15:56:51.261265+00:00 DEBUG 'ansible_navigator.main' ptyprocess==0.7.0 /home/iac-admin/.local/lib/python3.9/site-packages/ptyprocess/__init__.py
2023-12-25T15:56:51.261291+00:00 DEBUG 'ansible_navigator.main' pycparser==2.21 /usr/local/lib/python3.9/site-packages/pycparser/__init__.py
2023-12-25T15:56:51.261316+00:00 DEBUG 'ansible_navigator.main' pyparsing==2.4.7 /usr/lib/python3.9/site-packages/pyparsing.py
2023-12-25T15:56:51.261343+00:00 DEBUG 'ansible_navigator.main' pyrsistent==0.20.0 /usr/local/lib64/python3.9/site-packages/pyrsistent/__init__.py
2023-12-25T15:56:51.261368+00:00 DEBUG 'ansible_navigator.main' python-daemon==3.0.1 
2023-12-25T15:56:51.261394+00:00 DEBUG 'ansible_navigator.main' python-dateutil==2.8.1 
2023-12-25T15:56:51.261420+00:00 DEBUG 'ansible_navigator.main' python-dotenv==0.21.1 
2023-12-25T15:56:51.261445+00:00 DEBUG 'ansible_navigator.main' referencing==0.32.0 /home/iac-admin/.local/lib/python3.9/site-packages/referencing/__init__.py
2023-12-25T15:56:51.261513+00:00 DEBUG 'ansible_navigator.main' requests==2.31.0 /usr/local/lib/python3.9/site-packages/requests/__init__.py
2023-12-25T15:56:51.261542+00:00 DEBUG 'ansible_navigator.main' requirements-parser==0.5.0 
2023-12-25T15:56:51.261569+00:00 DEBUG 'ansible_navigator.main' resolvelib==1.0.1 /home/iac-admin/.local/lib/python3.9/site-packages/resolvelib/__init__.py
2023-12-25T15:56:51.261596+00:00 DEBUG 'ansible_navigator.main' rich==13.7.0 /home/iac-admin/.local/lib/python3.9/site-packages/rich/__init__.py
2023-12-25T15:56:51.261622+00:00 DEBUG 'ansible_navigator.main' rpds-py==0.15.2 
2023-12-25T15:56:51.261649+00:00 DEBUG 'ansible_navigator.main' ruamel.yaml.clib==0.2.8 
2023-12-25T15:56:51.261675+00:00 DEBUG 'ansible_navigator.main' ruamel.yaml==0.18.5 /home/iac-admin/.local/lib/python3.9/site-packages/ruamel/yaml/__init__.py
2023-12-25T15:56:51.261701+00:00 DEBUG 'ansible_navigator.main' selinux==3.5 /usr/lib64/python3.9/site-packages/selinux/__init__.py
2023-12-25T15:56:51.261728+00:00 DEBUG 'ansible_navigator.main' sepolicy==3.5 /usr/lib/python3.9/site-packages/sepolicy/__init__.py
2023-12-25T15:56:51.261758+00:00 DEBUG 'ansible_navigator.main' setools==4.4.3 /usr/lib64/python3.9/site-packages/setools/__init__.py
2023-12-25T15:56:51.261784+00:00 DEBUG 'ansible_navigator.main' setuptools==69.0.3 /home/iac-admin/.local/lib/python3.9/site-packages/setuptools/__init__.py
2023-12-25T15:56:51.261809+00:00 DEBUG 'ansible_navigator.main' six==1.15.0 /usr/lib/python3.9/site-packages/six.py
2023-12-25T15:56:51.261836+00:00 DEBUG 'ansible_navigator.main' subprocess-tee==0.4.1 
2023-12-25T15:56:51.261861+00:00 DEBUG 'ansible_navigator.main' texttable==1.7.0 /usr/local/lib/python3.9/site-packages/texttable.py
2023-12-25T15:56:51.261886+00:00 DEBUG 'ansible_navigator.main' tomli==2.0.1 /home/iac-admin/.local/lib/python3.9/site-packages/tomli/__init__.py
2023-12-25T15:56:51.261912+00:00 DEBUG 'ansible_navigator.main' types-setuptools==69.0.0.0 
2023-12-25T15:56:51.261937+00:00 DEBUG 'ansible_navigator.main' typing_extensions==4.9.0 /home/iac-admin/.local/lib/python3.9/site-packages/typing_extensions.py
2023-12-25T15:56:51.261962+00:00 DEBUG 'ansible_navigator.main' tzdata==2023.3 /home/iac-admin/.local/lib/python3.9/site-packages/tzdata/__init__.py
2023-12-25T15:56:51.261988+00:00 DEBUG 'ansible_navigator.main' urllib3==2.1.0 /usr/local/lib/python3.9/site-packages/urllib3/__init__.py
2023-12-25T15:56:51.262013+00:00 DEBUG 'ansible_navigator.main' wcmatch==8.5 /home/iac-admin/.local/lib/python3.9/site-packages/wcmatch/__init__.py
2023-12-25T15:56:51.262038+00:00 DEBUG 'ansible_navigator.main' websocket-client==0.59.0 
2023-12-25T15:56:51.262064+00:00 DEBUG 'ansible_navigator.main' yamllint==1.33.0 /home/iac-admin/.local/lib/python3.9/site-packages/yamllint/__init__.py
2023-12-25T15:56:51.262090+00:00 DEBUG 'ansible_navigator.main' zipp==3.17.0 /home/iac-admin/.local/lib/python3.9/site-packages/zipp/__init__.py
2023-12-25T15:56:51.262115+00:00 DEBUG 'ansible_navigator.main' Default collection_doc_cache_path set to: /home/iac-admin/.cache/ansible-navigator/collection_doc_cache.db
2023-12-25T15:56:51.262142+00:00 DEBUG 'ansible_navigator.main' EDITOR environment variable not set
2023-12-25T15:56:51.262168+00:00 DEBUG 'ansible_navigator.main' Default editor_command set to: vi +{line_number} {filename}
2023-12-25T15:56:51.262194+00:00 DEBUG 'ansible_navigator.main' No config file set by ANSIBLE_NAVIGATOR_CONFIG
2023-12-25T15:56:51.262221+00:00 DEBUG 'ansible_navigator.main' Looking in /home/iac-admin
2023-12-25T15:56:51.262247+00:00 DEBUG 'ansible_navigator.main' Looking for '/home/iac-admin/.ansible-navigator.yml', '/home/iac-admin/.ansible-navigator.yaml' and '/home/iac-admin/.ansible-navigator.json'
2023-12-25T15:56:51.262273+00:00 DEBUG 'ansible_navigator.main' Found 0: 
2023-12-25T15:56:51.262299+00:00 DEBUG 'ansible_navigator.main' Looking in /home/iac-admin/iac-labs
2023-12-25T15:56:51.262325+00:00 DEBUG 'ansible_navigator.main' Looking for '/home/iac-admin/iac-labs/ansible-navigator.yml', '/home/iac-admin/iac-labs/ansible-navigator.yaml' and '/home/iac-admin/iac-labs/ansible-navigator.json'
2023-12-25T15:56:51.262352+00:00 DEBUG 'ansible_navigator.main' Found 1: '/home/iac-admin/iac-labs/ansible-navigator.yaml'
2023-12-25T15:56:51.262377+00:00 DEBUG 'ansible_navigator.main' All found 1: '/home/iac-admin/iac-labs/ansible-navigator.yaml'
2023-12-25T15:56:51.262403+00:00 DEBUG 'ansible_navigator.main' Using: /home/iac-admin/iac-labs/ansible-navigator.yaml
2023-12-25T15:56:51.262429+00:00 DEBUG 'ansible_navigator.main' Using settings file at /home/iac-admin/iac-labs/ansible-navigator.yaml in search path
2023-12-25T15:56:51.262480+00:00 DEBUG 'ansible_navigator.main' Command provided: '--display-color'
2023-12-25T15:56:51.262511+00:00 DEBUG 'ansible_navigator.main' ansible-navigator.ansible-runner.artifact-dir not found in settings file
2023-12-25T15:56:51.262538+00:00 DEBUG 'ansible_navigator.main' ansible-navigator.ansible-runner.rotate-artifacts-count not found in settings file
2023-12-25T15:56:51.262564+00:00 DEBUG 'ansible_navigator.main' ansible-navigator.ansible-runner.timeout not found in settings file
2023-12-25T15:56:51.262594+00:00 DEBUG 'ansible_navigator.main' ansible-navigator.ansible-runner.job-events not found in settings file
2023-12-25T15:56:51.262621+00:00 DEBUG 'ansible_navigator.main' ansible-navigator.app not found in settings file
2023-12-25T15:56:51.262647+00:00 DEBUG 'ansible_navigator.main' ansible-navigator.ansible.cmdline not found in settings file
2023-12-25T15:56:51.262685+00:00 DEBUG 'ansible_navigator.main' ansible-navigator.collection-doc-cache-path not found in settings file
2023-12-25T15:56:51.262715+00:00 DEBUG 'ansible_navigator.main' ansible-navigator.ansible.config.path not found in settings file
2023-12-25T15:56:51.262742+00:00 DEBUG 'ansible_navigator.main' ansible-navigator.execution-environment.container-engine not found in settings file
2023-12-25T15:56:51.262769+00:00 DEBUG 'ansible_navigator.main' ansible-navigator.execution-environment.container-options not found in settings file
2023-12-25T15:56:51.262794+00:00 DEBUG 'ansible_navigator.main' ansible-navigator.editor.command not found in settings file
2023-12-25T15:56:51.262820+00:00 DEBUG 'ansible_navigator.main' ansible-navigator.editor.console not found in settings file
2023-12-25T15:56:51.262846+00:00 DEBUG 'ansible_navigator.main' ansible-navigator.enable-prompts not found in settings file
2023-12-25T15:56:51.262872+00:00 DEBUG 'ansible_navigator.main' ansible-navigator.exec.command not found in settings file
2023-12-25T15:56:51.262898+00:00 DEBUG 'ansible_navigator.main' ansible-navigator.exec.shell not found in settings file
2023-12-25T15:56:51.262923+00:00 DEBUG 'ansible_navigator.main' ansible-navigator.execution-environment.enabled not found in settings file
2023-12-25T15:56:51.262948+00:00 DEBUG 'ansible_navigator.main' ansible-navigator.execution-environment.image not found in settings file
2023-12-25T15:56:51.262974+00:00 DEBUG 'ansible_navigator.main' ansible-navigator.execution-environment.volume-mounts not found in settings file
2023-12-25T15:56:51.263000+00:00 DEBUG 'ansible_navigator.main' ansible-navigator.format not found in settings file
2023-12-25T15:56:51.263025+00:00 DEBUG 'ansible_navigator.main' ansible-navigator.ansible-builder.help not found in settings file
2023-12-25T15:56:51.263051+00:00 DEBUG 'ansible_navigator.main' ansible-navigator.ansible.config.help not found in settings file
2023-12-25T15:56:51.263076+00:00 DEBUG 'ansible_navigator.main' ansible-navigator.ansible.doc.help not found in settings file
2023-12-25T15:56:51.263102+00:00 DEBUG 'ansible_navigator.main' ansible-navigator.ansible.inventory.help not found in settings file
2023-12-25T15:56:51.263128+00:00 DEBUG 'ansible_navigator.main' ansible-navigator.ansible.playbook.help not found in settings file
2023-12-25T15:56:51.263155+00:00 DEBUG 'ansible_navigator.main' ansible-navigator.images.details not found in settings file
2023-12-25T15:56:51.263181+00:00 DEBUG 'ansible_navigator.main' ansible-navigator.inventory-columns not found in settings file
2023-12-25T15:56:51.263207+00:00 DEBUG 'ansible_navigator.main' ansible-navigator.ansible-lint.config not found in settings file
2023-12-25T15:56:51.263233+00:00 DEBUG 'ansible_navigator.main' ansible-navigator.ansible-lint.lintables not found in settings file
2023-12-25T15:56:51.263259+00:00 DEBUG 'ansible_navigator.main' ansible-navigator.logging.append not found in settings file
2023-12-25T15:56:51.263285+00:00 DEBUG 'ansible_navigator.main' ansible-navigator.logging.file not found in settings file
2023-12-25T15:56:51.263311+00:00 DEBUG 'ansible_navigator.main' ansible-navigator.logging.level not found in settings file
2023-12-25T15:56:51.263336+00:00 DEBUG 'ansible_navigator.main' ansible-navigator.mode not found in settings file
2023-12-25T15:56:51.263362+00:00 DEBUG 'ansible_navigator.main' ansible-navigator.execution-environment.environment-variables.pass not found in settings file
2023-12-25T15:56:51.263387+00:00 DEBUG 'ansible_navigator.main' ansible-navigator.ansible.playbook.path not found in settings file
2023-12-25T15:56:51.263415+00:00 DEBUG 'ansible_navigator.main' ansible-navigator.playbook-artifact.enable not found in settings file
2023-12-25T15:56:51.263441+00:00 DEBUG 'ansible_navigator.main' ansible-navigator.playbook-artifact.replay not found in settings file
2023-12-25T15:56:51.263503+00:00 DEBUG 'ansible_navigator.main' ansible-navigator.ansible.doc.plugin.name not found in settings file
2023-12-25T15:56:51.263533+00:00 DEBUG 'ansible_navigator.main' ansible-navigator.ansible.doc.plugin.type not found in settings file
2023-12-25T15:56:51.263561+00:00 DEBUG 'ansible_navigator.main' ansible-navigator.execution-environment.pull.arguments not found in settings file
2023-12-25T15:56:51.263587+00:00 DEBUG 'ansible_navigator.main' ansible-navigator.execution-environment.pull.policy not found in settings file
2023-12-25T15:56:51.263613+00:00 DEBUG 'ansible_navigator.main' ansible-navigator.execution-environment.environment-variables.set not found in settings file
2023-12-25T15:56:51.263640+00:00 DEBUG 'ansible_navigator.main' ansible-navigator.settings.effective not found in settings file
2023-12-25T15:56:51.263666+00:00 DEBUG 'ansible_navigator.main' ansible-navigator.settings.sample not found in settings file
2023-12-25T15:56:51.263691+00:00 DEBUG 'ansible_navigator.main' ansible-navigator.settings.schema not found in settings file
2023-12-25T15:56:51.263718+00:00 DEBUG 'ansible_navigator.main' ansible-navigator.settings.sources not found in settings file
2023-12-25T15:56:51.263743+00:00 DEBUG 'ansible_navigator.main' ansible-navigator.time-zone not found in settings file
2023-12-25T15:56:51.263770+00:00 DEBUG 'ansible_navigator.main' ansible-navigator.ansible-builder.workdir not found in settings file
2023-12-25T15:56:51.263800+00:00 WARNING 'ansible_navigator.main' Configuration errors encountered, rolling back to previous configuration.
2023-12-25T15:56:51.263828+00:00 DEBUG 'ansible_navigator.main' Prior to rollback: ansible_runner_artifact_dir = 'Not set' (Constants/Not set)
2023-12-25T15:56:51.263855+00:00 DEBUG 'ansible_navigator.main' Prior to rollback: ansible_runner_rotate_artifacts_count = 'Not set' (Constants/Not set)
2023-12-25T15:56:51.263881+00:00 DEBUG 'ansible_navigator.main' Prior to rollback: ansible_runner_timeout = 'Not set' (Constants/Not set)
2023-12-25T15:56:51.263907+00:00 DEBUG 'ansible_navigator.main' Prior to rollback: ansible_runner_write_job_events = 'False' (bool/Defaults)
2023-12-25T15:56:51.263933+00:00 DEBUG 'ansible_navigator.main' Prior to rollback: app = 'welcome' (str/Defaults)
2023-12-25T15:56:51.263959+00:00 DEBUG 'ansible_navigator.main' Prior to rollback: cmdline = '['--display-color']' (list/Command line)
2023-12-25T15:56:51.263985+00:00 DEBUG 'ansible_navigator.main' Prior to rollback: collection_doc_cache_path = '/home/iac-admin/.cache/ansible-navigator/collection_doc_cache.db' (str/Defaults)
2023-12-25T15:56:51.264011+00:00 DEBUG 'ansible_navigator.main' Prior to rollback: config = 'Not set' (Constants/Not set)
2023-12-25T15:56:51.264037+00:00 DEBUG 'ansible_navigator.main' Prior to rollback: container_engine = 'auto' (str/Defaults)
2023-12-25T15:56:51.264063+00:00 DEBUG 'ansible_navigator.main' Prior to rollback: container_options = 'Not set' (Constants/Not set)
2023-12-25T15:56:51.264088+00:00 DEBUG 'ansible_navigator.main' Prior to rollback: display_color = 'True' (bool/Settings file)
2023-12-25T15:56:51.264114+00:00 DEBUG 'ansible_navigator.main' Prior to rollback: editor_command = 'vi +{line_number} {filename}' (str/Defaults)
2023-12-25T15:56:51.264139+00:00 DEBUG 'ansible_navigator.main' Prior to rollback: editor_console = 'True' (bool/Defaults)
2023-12-25T15:56:51.264164+00:00 DEBUG 'ansible_navigator.main' Prior to rollback: enable_prompts = 'False' (bool/Defaults)
2023-12-25T15:56:51.264190+00:00 DEBUG 'ansible_navigator.main' Prior to rollback: exec_command = '/bin/bash' (str/Defaults)
2023-12-25T15:56:51.264215+00:00 DEBUG 'ansible_navigator.main' Prior to rollback: exec_shell = 'True' (bool/Defaults)
2023-12-25T15:56:51.264241+00:00 DEBUG 'ansible_navigator.main' Prior to rollback: execution_environment = 'True' (bool/Defaults)
2023-12-25T15:56:51.264271+00:00 DEBUG 'ansible_navigator.main' Prior to rollback: execution_environment_image = 'ghcr.io/ansible/creator-ee:v0.20.0' (str/Defaults)
2023-12-25T15:56:51.264297+00:00 DEBUG 'ansible_navigator.main' Prior to rollback: execution_environment_volume_mounts = 'Not set' (Constants/Not set)
2023-12-25T15:56:51.264323+00:00 DEBUG 'ansible_navigator.main' Prior to rollback: format = 'yaml' (str/Defaults)
2023-12-25T15:56:51.264348+00:00 DEBUG 'ansible_navigator.main' Prior to rollback: help_builder = 'False' (bool/Defaults)
2023-12-25T15:56:51.264374+00:00 DEBUG 'ansible_navigator.main' Prior to rollback: help_config = 'False' (bool/Defaults)
2023-12-25T15:56:51.264399+00:00 DEBUG 'ansible_navigator.main' Prior to rollback: help_doc = 'False' (bool/Defaults)
2023-12-25T15:56:51.264425+00:00 DEBUG 'ansible_navigator.main' Prior to rollback: help_inventory = 'False' (bool/Defaults)
2023-12-25T15:56:51.264472+00:00 DEBUG 'ansible_navigator.main' Prior to rollback: help_playbook = 'False' (bool/Defaults)
2023-12-25T15:56:51.264505+00:00 DEBUG 'ansible_navigator.main' Prior to rollback: images_details = '['everything']' (list/Defaults)
2023-12-25T15:56:51.264533+00:00 DEBUG 'ansible_navigator.main' Prior to rollback: inventory = '['/home/iac-admin/iac-labs/inventory/hosts']' (list/Settings file)
2023-12-25T15:56:51.264559+00:00 DEBUG 'ansible_navigator.main' Prior to rollback: inventory_column = 'Not set' (Constants/Not set)
2023-12-25T15:56:51.264585+00:00 DEBUG 'ansible_navigator.main' Prior to rollback: lint_config = 'Not set' (Constants/Not set)
2023-12-25T15:56:51.264611+00:00 DEBUG 'ansible_navigator.main' Prior to rollback: lintables = 'Not set' (Constants/Not set)
2023-12-25T15:56:51.264637+00:00 DEBUG 'ansible_navigator.main' Prior to rollback: log_append = 'True' (bool/Defaults)
2023-12-25T15:56:51.264663+00:00 DEBUG 'ansible_navigator.main' Prior to rollback: log_file = '/home/iac-admin/iac-labs/ansible-navigator.log' (str/Defaults)
2023-12-25T15:56:51.264690+00:00 DEBUG 'ansible_navigator.main' Prior to rollback: log_level = 'warning' (str/Defaults)
2023-12-25T15:56:51.264716+00:00 DEBUG 'ansible_navigator.main' Prior to rollback: mode = 'interactive' (str/Defaults)
2023-12-25T15:56:51.264742+00:00 DEBUG 'ansible_navigator.main' Prior to rollback: osc4 = 'True' (bool/Settings file)
2023-12-25T15:56:51.264768+00:00 DEBUG 'ansible_navigator.main' Prior to rollback: pass_environment_variable = 'Not set' (Constants/Not set)
2023-12-25T15:56:51.264793+00:00 DEBUG 'ansible_navigator.main' Prior to rollback: playbook = 'Not set' (Constants/Not set)
2023-12-25T15:56:51.264819+00:00 DEBUG 'ansible_navigator.main' Prior to rollback: playbook_artifact_enable = 'True' (bool/Defaults)
2023-12-25T15:56:51.264845+00:00 DEBUG 'ansible_navigator.main' Prior to rollback: playbook_artifact_replay = 'Not set' (Constants/Not set)
2023-12-25T15:56:51.264871+00:00 DEBUG 'ansible_navigator.main' Prior to rollback: playbook_artifact_save_as = '/home/iac-admin/iac-labs/logs/{playbook_name}.json' (str/Settings file)
2023-12-25T15:56:51.264897+00:00 DEBUG 'ansible_navigator.main' Prior to rollback: plugin_name = 'Not set' (Constants/Not set)
2023-12-25T15:56:51.264923+00:00 DEBUG 'ansible_navigator.main' Prior to rollback: plugin_type = 'module' (str/Defaults)
2023-12-25T15:56:51.264948+00:00 DEBUG 'ansible_navigator.main' Prior to rollback: pull_arguments = 'Not set' (Constants/Not set)
2023-12-25T15:56:51.264973+00:00 DEBUG 'ansible_navigator.main' Prior to rollback: pull_policy = 'tag' (str/Defaults)
2023-12-25T15:56:51.264999+00:00 DEBUG 'ansible_navigator.main' Prior to rollback: set_environment_variable = 'Not set' (Constants/Not set)
2023-12-25T15:56:51.265024+00:00 DEBUG 'ansible_navigator.main' Prior to rollback: settings_effective = 'False' (bool/Defaults)
2023-12-25T15:56:51.265049+00:00 DEBUG 'ansible_navigator.main' Prior to rollback: settings_sample = 'False' (bool/Defaults)
2023-12-25T15:56:51.265074+00:00 DEBUG 'ansible_navigator.main' Prior to rollback: settings_schema = 'json' (str/Defaults)
2023-12-25T15:56:51.265103+00:00 DEBUG 'ansible_navigator.main' Prior to rollback: settings_sources = 'False' (bool/Defaults)
2023-12-25T15:56:51.265129+00:00 DEBUG 'ansible_navigator.main' Prior to rollback: time_zone = 'UTC' (str/Defaults)
2023-12-25T15:56:51.265155+00:00 DEBUG 'ansible_navigator.main' Prior to rollback: workdir = '/home/iac-admin/iac-labs' (str/Defaults)
2023-12-25T15:56:51.265180+00:00 DEBUG 'ansible_navigator.main' After rollback: ansible_runner_artifact_dir = 'Not set' (Constants/Not set)
2023-12-25T15:56:51.265206+00:00 DEBUG 'ansible_navigator.main' After rollback: ansible_runner_rotate_artifacts_count = 'Not set' (Constants/Not set)
2023-12-25T15:56:51.265232+00:00 DEBUG 'ansible_navigator.main' After rollback: ansible_runner_timeout = 'Not set' (Constants/Not set)
2023-12-25T15:56:51.265258+00:00 DEBUG 'ansible_navigator.main' After rollback: ansible_runner_write_job_events = 'Not set' (Constants/Not set)
2023-12-25T15:56:51.265283+00:00 DEBUG 'ansible_navigator.main' After rollback: app = 'Not set' (Constants/Not set)
2023-12-25T15:56:51.265309+00:00 DEBUG 'ansible_navigator.main' After rollback: cmdline = 'Not set' (Constants/Not set)
2023-12-25T15:56:51.265334+00:00 DEBUG 'ansible_navigator.main' After rollback: collection_doc_cache_path = 'Not set' (Constants/Not set)
2023-12-25T15:56:51.265360+00:00 DEBUG 'ansible_navigator.main' After rollback: config = 'Not set' (Constants/Not set)
2023-12-25T15:56:51.265385+00:00 DEBUG 'ansible_navigator.main' After rollback: container_engine = 'Not set' (Constants/Not set)
2023-12-25T15:56:51.265410+00:00 DEBUG 'ansible_navigator.main' After rollback: container_options = 'Not set' (Constants/Not set)
2023-12-25T15:56:51.265435+00:00 DEBUG 'ansible_navigator.main' After rollback: display_color = 'Not set' (Constants/Not set)
2023-12-25T15:56:51.265485+00:00 DEBUG 'ansible_navigator.main' After rollback: editor_command = 'Not set' (Constants/Not set)
2023-12-25T15:56:51.265515+00:00 DEBUG 'ansible_navigator.main' After rollback: editor_console = 'Not set' (Constants/Not set)
2023-12-25T15:56:51.265542+00:00 DEBUG 'ansible_navigator.main' After rollback: enable_prompts = 'Not set' (Constants/Not set)
2023-12-25T15:56:51.265568+00:00 DEBUG 'ansible_navigator.main' After rollback: exec_command = 'Not set' (Constants/Not set)
2023-12-25T15:56:51.265594+00:00 DEBUG 'ansible_navigator.main' After rollback: exec_shell = 'Not set' (Constants/Not set)
2023-12-25T15:56:51.265620+00:00 DEBUG 'ansible_navigator.main' After rollback: execution_environment = 'Not set' (Constants/Not set)
2023-12-25T15:56:51.265647+00:00 DEBUG 'ansible_navigator.main' After rollback: execution_environment_image = 'Not set' (Constants/Not set)
2023-12-25T15:56:51.265673+00:00 DEBUG 'ansible_navigator.main' After rollback: execution_environment_volume_mounts = 'Not set' (Constants/Not set)
2023-12-25T15:56:51.265700+00:00 DEBUG 'ansible_navigator.main' After rollback: format = 'Not set' (Constants/Not set)
2023-12-25T15:56:51.265726+00:00 DEBUG 'ansible_navigator.main' After rollback: help_builder = 'Not set' (Constants/Not set)
2023-12-25T15:56:51.265752+00:00 DEBUG 'ansible_navigator.main' After rollback: help_config = 'Not set' (Constants/Not set)
2023-12-25T15:56:51.265778+00:00 DEBUG 'ansible_navigator.main' After rollback: help_doc = 'Not set' (Constants/Not set)
2023-12-25T15:56:51.265804+00:00 DEBUG 'ansible_navigator.main' After rollback: help_inventory = 'Not set' (Constants/Not set)
2023-12-25T15:56:51.265829+00:00 DEBUG 'ansible_navigator.main' After rollback: help_playbook = 'Not set' (Constants/Not set)
2023-12-25T15:56:51.265855+00:00 DEBUG 'ansible_navigator.main' After rollback: images_details = 'Not set' (Constants/Not set)
2023-12-25T15:56:51.265880+00:00 DEBUG 'ansible_navigator.main' After rollback: inventory = 'Not set' (Constants/Not set)
2023-12-25T15:56:51.265905+00:00 DEBUG 'ansible_navigator.main' After rollback: inventory_column = 'Not set' (Constants/Not set)
2023-12-25T15:56:51.265931+00:00 DEBUG 'ansible_navigator.main' After rollback: lint_config = 'Not set' (Constants/Not set)
2023-12-25T15:56:51.265960+00:00 DEBUG 'ansible_navigator.main' After rollback: lintables = 'Not set' (Constants/Not set)
2023-12-25T15:56:51.265986+00:00 DEBUG 'ansible_navigator.main' After rollback: log_append = 'Not set' (Constants/Not set)
2023-12-25T15:56:51.266012+00:00 DEBUG 'ansible_navigator.main' After rollback: log_file = 'Not set' (Constants/Not set)
2023-12-25T15:56:51.266038+00:00 DEBUG 'ansible_navigator.main' After rollback: log_level = 'Not set' (Constants/Not set)
2023-12-25T15:56:51.266064+00:00 DEBUG 'ansible_navigator.main' After rollback: mode = 'Not set' (Constants/Not set)
2023-12-25T15:56:51.266089+00:00 DEBUG 'ansible_navigator.main' After rollback: osc4 = 'Not set' (Constants/Not set)
2023-12-25T15:56:51.266114+00:00 DEBUG 'ansible_navigator.main' After rollback: pass_environment_variable = 'Not set' (Constants/Not set)
2023-12-25T15:56:51.266140+00:00 DEBUG 'ansible_navigator.main' After rollback: playbook = 'Not set' (Constants/Not set)
2023-12-25T15:56:51.266165+00:00 DEBUG 'ansible_navigator.main' After rollback: playbook_artifact_enable = 'Not set' (Constants/Not set)
2023-12-25T15:56:51.266191+00:00 DEBUG 'ansible_navigator.main' After rollback: playbook_artifact_replay = 'Not set' (Constants/Not set)
2023-12-25T15:56:51.266217+00:00 DEBUG 'ansible_navigator.main' After rollback: playbook_artifact_save_as = 'Not set' (Constants/Not set)
2023-12-25T15:56:51.266242+00:00 DEBUG 'ansible_navigator.main' After rollback: plugin_name = 'Not set' (Constants/Not set)
2023-12-25T15:56:51.266268+00:00 DEBUG 'ansible_navigator.main' After rollback: plugin_type = 'Not set' (Constants/Not set)
2023-12-25T15:56:51.266293+00:00 DEBUG 'ansible_navigator.main' After rollback: pull_arguments = 'Not set' (Constants/Not set)
2023-12-25T15:56:51.266319+00:00 DEBUG 'ansible_navigator.main' After rollback: pull_policy = 'Not set' (Constants/Not set)
2023-12-25T15:56:51.266344+00:00 DEBUG 'ansible_navigator.main' After rollback: set_environment_variable = 'Not set' (Constants/Not set)
2023-12-25T15:56:51.266370+00:00 DEBUG 'ansible_navigator.main' After rollback: settings_effective = 'Not set' (Constants/Not set)
2023-12-25T15:56:51.266395+00:00 DEBUG 'ansible_navigator.main' After rollback: settings_sample = 'Not set' (Constants/Not set)
2023-12-25T15:56:51.266421+00:00 DEBUG 'ansible_navigator.main' After rollback: settings_schema = 'Not set' (Constants/Not set)
2023-12-25T15:56:51.266447+00:00 DEBUG 'ansible_navigator.main' After rollback: settings_sources = 'Not set' (Constants/Not set)
2023-12-25T15:56:51.266499+00:00 DEBUG 'ansible_navigator.main' After rollback: time_zone = 'Not set' (Constants/Not set)
2023-12-25T15:56:51.266527+00:00 DEBUG 'ansible_navigator.main' After rollback: workdir = 'Not set' (Constants/Not set)
2023-12-25T15:56:51.266554+00:00 DEBUG 'ansible_navigator.main' Configuration rollback complete.
2023-12-25T15:56:51.266581+00:00 DEBUG 'ansible_navigator.main' Collection doc cache not mounted
2023-12-25T15:56:51.266621+00:00 WARNING 'ansible_navigator.main' Issues were found while applying the settings.
2023-12-25T15:56:51.266651+00:00 INFO 'ansible_navigator.main' Command provided: '--display-color'
2023-12-25T15:56:51.266685+00:00 ERROR 'ansible_navigator.main' argument --dc/--display-color: expected one argument
2023-12-25T15:56:51.266715+00:00 INFO 'ansible_navigator.main' Configuration failed, using default log file location. (/home/iac-admin/iac-labs/ansible-navigator.log) Log level set to debug
2023-12-25T15:56:51.266744+00:00 INFO 'ansible_navigator.main' Review the hints and log file to see what went wrong.
2023-12-26T06:26:29.499901+00:00 CRITICAL 'ansible_navigator.actions.run_447e._handle_message' Unhandled message from runner queue, discarded: {'event': 'verbose', 'uuid': 'd8106690-6803-4058-9248-a20a3ad67823', 'counter': 1, 'stdout': '\x1b[0;31mERROR! the playbook: 01_apache.yml could not be found\x1b[0m', 'start_line': 0, 'end_line': 1, 'runner_ident': '41157965-a26f-4626-b7e0-bd7e490ec42e', 'created': '2023-12-26T06:26:29.499505'}
2023-12-26T06:39:18.780316+00:00 CRITICAL 'ansible_navigator.actions.run_ede2._handle_message' Unhandled message from runner queue, discarded: {'event': 'verbose', 'uuid': 'e1e9c44a-90bb-4d93-9883-d78681052164', 'counter': 1, 'stdout': '\x1b[0;31mERROR! the playbook: 01_apache.yaml could not be found\x1b[0m', 'start_line': 0, 'end_line': 1, 'runner_ident': '54c70a09-9d62-448a-9cb9-2632a88c5340', 'created': '2023-12-26T06:39:18.779921'}
2023-12-26T06:39:46.799672+00:00 WARNING 'ansible_navigator.run' Dirty exit, killing the pid
2023-12-26T07:16:47.299672+00:00 WARNING 'ansible_navigator.run' Dirty exit, killing the pid
2023-12-26T07:36:44.011386+00:00 CRITICAL 'ansible_navigator.actions.run_5ff5._handle_message' Unhandled message from runner queue, discarded: {'event': 'verbose', 'uuid': '8755b638-cd85-4472-9d1b-21d54560757a', 'counter': 1, 'stdout': '\x1b[0;31mERROR! the playbook: stdout could not be found\x1b[0m', 'start_line': 0, 'end_line': 1, 'runner_ident': '2e657c2a-1df7-4a41-bdb0-5e0696a9223d', 'created': '2023-12-26T07:36:44.010969'}
2023-12-26T07:36:48.013175+00:00 WARNING 'ansible_navigator.run' Dirty exit, killing the pid
2023-12-26T07:36:55.640479+00:00 CRITICAL 'ansible_navigator.actions.run_8219._handle_message' Unhandled message from runner queue, discarded: {'event': 'verbose', 'uuid': '0f1c39de-9c9c-45b8-a52e-d14e4428df76', 'counter': 1, 'stdout': 'usage: ansible-playbook [-h] [--version] [-v] [--private-key PRIVATE_KEY_FILE]', 'start_line': 0, 'end_line': 1, 'runner_ident': '7a076ba2-2fd3-4493-ad2e-79687512a8ab', 'created': '2023-12-26T07:36:55.637825'}
2023-12-26T07:36:55.646246+00:00 CRITICAL 'ansible_navigator.actions.run_8219._handle_message' Unhandled message from runner queue, discarded: {'event': 'verbose', 'uuid': 'a8612d70-3f41-47c5-8912-2d8d5f77e4d7', 'counter': 2, 'stdout': '                        [-u REMOTE_USER] [-c CONNECTION] [-T TIMEOUT]', 'start_line': 1, 'end_line': 2, 'runner_ident': '7a076ba2-2fd3-4493-ad2e-79687512a8ab', 'created': '2023-12-26T07:36:55.638079'}
2023-12-26T07:36:55.646484+00:00 CRITICAL 'ansible_navigator.actions.run_8219._handle_message' Unhandled message from runner queue, discarded: {'event': 'verbose', 'uuid': '6fae0afd-7c6b-485e-ab4d-11d7e8592240', 'counter': 3, 'stdout': '                        [--ssh-common-args SSH_COMMON_ARGS]', 'start_line': 2, 'end_line': 3, 'runner_ident': '7a076ba2-2fd3-4493-ad2e-79687512a8ab', 'created': '2023-12-26T07:36:55.638156'}
2023-12-26T07:36:55.646643+00:00 CRITICAL 'ansible_navigator.actions.run_8219._handle_message' Unhandled message from runner queue, discarded: {'event': 'verbose', 'uuid': '701c0512-7536-4e29-8f72-86b309ad32f7', 'counter': 4, 'stdout': '                        [--sftp-extra-args SFTP_EXTRA_ARGS]', 'start_line': 3, 'end_line': 4, 'runner_ident': '7a076ba2-2fd3-4493-ad2e-79687512a8ab', 'created': '2023-12-26T07:36:55.638213'}
2023-12-26T07:36:55.646812+00:00 CRITICAL 'ansible_navigator.actions.run_8219._handle_message' Unhandled message from runner queue, discarded: {'event': 'verbose', 'uuid': 'c5215443-1a99-47b6-ba1c-e0e20b60d3e7', 'counter': 5, 'stdout': '                        [--scp-extra-args SCP_EXTRA_ARGS]', 'start_line': 4, 'end_line': 5, 'runner_ident': '7a076ba2-2fd3-4493-ad2e-79687512a8ab', 'created': '2023-12-26T07:36:55.638267'}
2023-12-26T07:36:55.646948+00:00 CRITICAL 'ansible_navigator.actions.run_8219._handle_message' Unhandled message from runner queue, discarded: {'event': 'verbose', 'uuid': 'ebd0aeb8-2da1-4a5b-87c6-e5e312c245f1', 'counter': 6, 'stdout': '                        [--ssh-extra-args SSH_EXTRA_ARGS]', 'start_line': 5, 'end_line': 6, 'runner_ident': '7a076ba2-2fd3-4493-ad2e-79687512a8ab', 'created': '2023-12-26T07:36:55.638851'}
2023-12-26T07:36:55.647079+00:00 CRITICAL 'ansible_navigator.actions.run_8219._handle_message' Unhandled message from runner queue, discarded: {'event': 'verbose', 'uuid': '82ba3145-c6b0-4ead-b418-d7fbc22656e4', 'counter': 7, 'stdout': '                        [-k | --connection-password-file CONNECTION_PASSWORD_FILE]', 'start_line': 6, 'end_line': 7, 'runner_ident': '7a076ba2-2fd3-4493-ad2e-79687512a8ab', 'created': '2023-12-26T07:36:55.638940'}
2023-12-26T07:36:55.647316+00:00 CRITICAL 'ansible_navigator.actions.run_8219._handle_message' Unhandled message from runner queue, discarded: {'event': 'verbose', 'uuid': '2d60c4a7-9206-463b-bae6-0ad6d12cf653', 'counter': 8, 'stdout': '                        [--force-handlers] [--flush-cache] [-b]', 'start_line': 7, 'end_line': 8, 'runner_ident': '7a076ba2-2fd3-4493-ad2e-79687512a8ab', 'created': '2023-12-26T07:36:55.638997'}
2023-12-26T07:36:55.647455+00:00 CRITICAL 'ansible_navigator.actions.run_8219._handle_message' Unhandled message from runner queue, discarded: {'event': 'verbose', 'uuid': 'dd7c4c44-072e-43d8-be29-d9603e85c6fb', 'counter': 9, 'stdout': '                        [--become-method BECOME_METHOD]', 'start_line': 8, 'end_line': 9, 'runner_ident': '7a076ba2-2fd3-4493-ad2e-79687512a8ab', 'created': '2023-12-26T07:36:55.639054'}
2023-12-26T07:36:55.647596+00:00 CRITICAL 'ansible_navigator.actions.run_8219._handle_message' Unhandled message from runner queue, discarded: {'event': 'verbose', 'uuid': '3e20131f-6f12-4c37-8638-e9bb0b8858e1', 'counter': 10, 'stdout': '                        [--become-user BECOME_USER]', 'start_line': 9, 'end_line': 10, 'runner_ident': '7a076ba2-2fd3-4493-ad2e-79687512a8ab', 'created': '2023-12-26T07:36:55.639104'}
2023-12-26T07:36:55.650145+00:00 CRITICAL 'ansible_navigator.actions.run_8219._handle_message' Unhandled message from runner queue, discarded: {'event': 'verbose', 'uuid': '4652ec98-8bf4-40a0-9116-d1cf601c9e82', 'counter': 11, 'stdout': '                        [-K | --become-password-file BECOME_PASSWORD_FILE]', 'start_line': 10, 'end_line': 11, 'runner_ident': '7a076ba2-2fd3-4493-ad2e-79687512a8ab', 'created': '2023-12-26T07:36:55.639150'}
2023-12-26T07:36:55.650358+00:00 CRITICAL 'ansible_navigator.actions.run_8219._handle_message' Unhandled message from runner queue, discarded: {'event': 'verbose', 'uuid': '76658cef-8bdb-4725-8535-0a0cdc6cc0d8', 'counter': 12, 'stdout': '                        [-t TAGS] [--skip-tags SKIP_TAGS] [-C] [-D]', 'start_line': 11, 'end_line': 12, 'runner_ident': '7a076ba2-2fd3-4493-ad2e-79687512a8ab', 'created': '2023-12-26T07:36:55.639196'}
2023-12-26T07:36:55.650527+00:00 CRITICAL 'ansible_navigator.actions.run_8219._handle_message' Unhandled message from runner queue, discarded: {'event': 'verbose', 'uuid': 'a14f3f15-0b0e-46c2-a8c4-a3cc2d8b5647', 'counter': 13, 'stdout': '                        [-i INVENTORY] [--list-hosts] [-l SUBSET]', 'start_line': 12, 'end_line': 13, 'runner_ident': '7a076ba2-2fd3-4493-ad2e-79687512a8ab', 'created': '2023-12-26T07:36:55.639248'}
2023-12-26T07:36:55.650680+00:00 CRITICAL 'ansible_navigator.actions.run_8219._handle_message' Unhandled message from runner queue, discarded: {'event': 'verbose', 'uuid': '4773a902-a8d1-484d-8713-d13e2b1a1c42', 'counter': 14, 'stdout': '                        [-e EXTRA_VARS] [--vault-id VAULT_IDS]', 'start_line': 13, 'end_line': 14, 'runner_ident': '7a076ba2-2fd3-4493-ad2e-79687512a8ab', 'created': '2023-12-26T07:36:55.639299'}
2023-12-26T07:36:55.650865+00:00 CRITICAL 'ansible_navigator.actions.run_8219._handle_message' Unhandled message from runner queue, discarded: {'event': 'verbose', 'uuid': 'a75250be-b605-4f68-bc80-3c68850eee8c', 'counter': 15, 'stdout': '                        [--ask-vault-password | --vault-password-file VAULT_PASSWORD_FILES]', 'start_line': 14, 'end_line': 15, 'runner_ident': '7a076ba2-2fd3-4493-ad2e-79687512a8ab', 'created': '2023-12-26T07:36:55.639350'}
2023-12-26T07:36:55.651019+00:00 CRITICAL 'ansible_navigator.actions.run_8219._handle_message' Unhandled message from runner queue, discarded: {'event': 'verbose', 'uuid': '15bd27dc-d56a-4164-ae69-e132b696c74e', 'counter': 16, 'stdout': '                        [-f FORKS] [-M MODULE_PATH] [--syntax-check]', 'start_line': 15, 'end_line': 16, 'runner_ident': '7a076ba2-2fd3-4493-ad2e-79687512a8ab', 'created': '2023-12-26T07:36:55.639398'}
2023-12-26T07:36:55.651170+00:00 CRITICAL 'ansible_navigator.actions.run_8219._handle_message' Unhandled message from runner queue, discarded: {'event': 'verbose', 'uuid': '935faf74-638e-4cde-9ead-cacf637c8702', 'counter': 17, 'stdout': '                        [--list-tasks] [--list-tags] [--step]', 'start_line': 16, 'end_line': 17, 'runner_ident': '7a076ba2-2fd3-4493-ad2e-79687512a8ab', 'created': '2023-12-26T07:36:55.639445'}
2023-12-26T07:36:55.651318+00:00 CRITICAL 'ansible_navigator.actions.run_8219._handle_message' Unhandled message from runner queue, discarded: {'event': 'verbose', 'uuid': '6f7b1a37-f5e8-47b8-b690-f37c5388817f', 'counter': 18, 'stdout': '                        [--start-at-task START_AT_TASK]', 'start_line': 17, 'end_line': 18, 'runner_ident': '7a076ba2-2fd3-4493-ad2e-79687512a8ab', 'created': '2023-12-26T07:36:55.639493'}
2023-12-26T07:36:55.651464+00:00 CRITICAL 'ansible_navigator.actions.run_8219._handle_message' Unhandled message from runner queue, discarded: {'event': 'verbose', 'uuid': '0316811a-759c-466e-8de6-11f0067b9ae9', 'counter': 19, 'stdout': '                        playbook [playbook ...]', 'start_line': 18, 'end_line': 19, 'runner_ident': '7a076ba2-2fd3-4493-ad2e-79687512a8ab', 'created': '2023-12-26T07:36:55.639552'}
2023-12-26T07:36:55.651598+00:00 CRITICAL 'ansible_navigator.actions.run_8219._handle_message' Unhandled message from runner queue, discarded: {'event': 'verbose', 'uuid': 'a3b9c459-1eed-4dda-89df-d32232fcf3df', 'counter': 20, 'stdout': 'ansible-playbook: error: unrecognized arguments: --stdout', 'start_line': 19, 'end_line': 20, 'runner_ident': '7a076ba2-2fd3-4493-ad2e-79687512a8ab', 'created': '2023-12-26T07:36:55.639602'}
2023-12-26T07:36:55.651726+00:00 CRITICAL 'ansible_navigator.actions.run_8219._handle_message' Unhandled message from runner queue, discarded: {'event': 'verbose', 'uuid': 'f1b43ad3-93b4-41cd-b8ea-25d9f005ea8a', 'counter': 21, 'stdout': ' ', 'start_line': 20, 'end_line': 21, 'runner_ident': '7a076ba2-2fd3-4493-ad2e-79687512a8ab', 'created': '2023-12-26T07:36:55.639651'}
2023-12-26T07:36:55.651910+00:00 CRITICAL 'ansible_navigator.actions.run_8219._handle_message' Unhandled message from runner queue, discarded: {'event': 'verbose', 'uuid': 'b93a2dbc-20d0-4bec-b6ff-3d859d6b5b20', 'counter': 22, 'stdout': 'usage: ansible-playbook [-h] [--version] [-v] [--private-key PRIVATE_KEY_FILE]', 'start_line': 21, 'end_line': 22, 'runner_ident': '7a076ba2-2fd3-4493-ad2e-79687512a8ab', 'created': '2023-12-26T07:36:55.639701'}
2023-12-26T07:36:55.652045+00:00 CRITICAL 'ansible_navigator.actions.run_8219._handle_message' Unhandled message from runner queue, discarded: {'event': 'verbose', 'uuid': '6bc87773-c7d3-49de-9286-a4372c5c5c19', 'counter': 23, 'stdout': '                        [-u REMOTE_USER] [-c CONNECTION] [-T TIMEOUT]', 'start_line': 22, 'end_line': 23, 'runner_ident': '7a076ba2-2fd3-4493-ad2e-79687512a8ab', 'created': '2023-12-26T07:36:55.639749'}
2023-12-26T07:36:55.652172+00:00 CRITICAL 'ansible_navigator.actions.run_8219._handle_message' Unhandled message from runner queue, discarded: {'event': 'verbose', 'uuid': '2d341bd6-cfa0-4732-9541-218661f464ae', 'counter': 24, 'stdout': '                        [--ssh-common-args SSH_COMMON_ARGS]', 'start_line': 23, 'end_line': 24, 'runner_ident': '7a076ba2-2fd3-4493-ad2e-79687512a8ab', 'created': '2023-12-26T07:36:55.639863'}
2023-12-26T07:36:55.652295+00:00 CRITICAL 'ansible_navigator.actions.run_8219._handle_message' Unhandled message from runner queue, discarded: {'event': 'verbose', 'uuid': '2b7d2188-21b0-4b59-b397-130b8f7fac54', 'counter': 25, 'stdout': '                        [--sftp-extra-args SFTP_EXTRA_ARGS]', 'start_line': 24, 'end_line': 25, 'runner_ident': '7a076ba2-2fd3-4493-ad2e-79687512a8ab', 'created': '2023-12-26T07:36:55.639930'}
2023-12-26T07:36:55.652426+00:00 CRITICAL 'ansible_navigator.actions.run_8219._handle_message' Unhandled message from runner queue, discarded: {'event': 'verbose', 'uuid': '3b94ce66-9fac-405e-aa46-1052605e2c58', 'counter': 26, 'stdout': '                        [--scp-extra-args SCP_EXTRA_ARGS]', 'start_line': 25, 'end_line': 26, 'runner_ident': '7a076ba2-2fd3-4493-ad2e-79687512a8ab', 'created': '2023-12-26T07:36:55.639980'}
2023-12-26T07:36:55.652560+00:00 CRITICAL 'ansible_navigator.actions.run_8219._handle_message' Unhandled message from runner queue, discarded: {'event': 'verbose', 'uuid': '743c99cb-7394-484f-a2f8-dc7e878ba702', 'counter': 27, 'stdout': '                        [--ssh-extra-args SSH_EXTRA_ARGS]', 'start_line': 26, 'end_line': 27, 'runner_ident': '7a076ba2-2fd3-4493-ad2e-79687512a8ab', 'created': '2023-12-26T07:36:55.640028'}
2023-12-26T07:36:55.652683+00:00 CRITICAL 'ansible_navigator.actions.run_8219._handle_message' Unhandled message from runner queue, discarded: {'event': 'verbose', 'uuid': '4e932c1a-22bd-4f7e-ab27-f7568df2642d', 'counter': 28, 'stdout': '                        [-k | --connection-password-file CONNECTION_PASSWORD_FILE]', 'start_line': 27, 'end_line': 28, 'runner_ident': '7a076ba2-2fd3-4493-ad2e-79687512a8ab', 'created': '2023-12-26T07:36:55.640076'}
2023-12-26T07:36:55.652853+00:00 CRITICAL 'ansible_navigator.actions.run_8219._handle_message' Unhandled message from runner queue, discarded: {'event': 'verbose', 'uuid': 'ec28921e-d5a6-4aac-89cf-fdf737c3db07', 'counter': 29, 'stdout': '                        [--force-handlers] [--flush-cache] [-b]', 'start_line': 28, 'end_line': 29, 'runner_ident': '7a076ba2-2fd3-4493-ad2e-79687512a8ab', 'created': '2023-12-26T07:36:55.640123'}
2023-12-26T07:36:55.652992+00:00 CRITICAL 'ansible_navigator.actions.run_8219._handle_message' Unhandled message from runner queue, discarded: {'event': 'verbose', 'uuid': '36c7256f-cc8e-4de2-81f5-2d692f4b914a', 'counter': 30, 'stdout': '                        [--become-method BECOME_METHOD]', 'start_line': 29, 'end_line': 30, 'runner_ident': '7a076ba2-2fd3-4493-ad2e-79687512a8ab', 'created': '2023-12-26T07:36:55.640173'}
2023-12-26T07:36:55.653174+00:00 CRITICAL 'ansible_navigator.actions.run_8219._handle_message' Unhandled message from runner queue, discarded: {'event': 'verbose', 'uuid': 'a690ba42-29e7-415c-bb58-9e94a4f2255f', 'counter': 31, 'stdout': '                        [--become-user BECOME_USER]', 'start_line': 30, 'end_line': 31, 'runner_ident': '7a076ba2-2fd3-4493-ad2e-79687512a8ab', 'created': '2023-12-26T07:36:55.640223'}
2023-12-26T07:36:55.653325+00:00 CRITICAL 'ansible_navigator.actions.run_8219._handle_message' Unhandled message from runner queue, discarded: {'event': 'verbose', 'uuid': 'a4a18d08-8ebf-431b-a73b-a46451902b17', 'counter': 32, 'stdout': '                        [-K | --become-password-file BECOME_PASSWORD_FILE]', 'start_line': 31, 'end_line': 32, 'runner_ident': '7a076ba2-2fd3-4493-ad2e-79687512a8ab', 'created': '2023-12-26T07:36:55.640866'}
2023-12-26T07:36:55.653467+00:00 CRITICAL 'ansible_navigator.actions.run_8219._handle_message' Unhandled message from runner queue, discarded: {'event': 'verbose', 'uuid': '76abe7de-0ad6-420f-b54f-01c47f15d953', 'counter': 33, 'stdout': '                        [-t TAGS] [--skip-tags SKIP_TAGS] [-C] [-D]', 'start_line': 32, 'end_line': 33, 'runner_ident': '7a076ba2-2fd3-4493-ad2e-79687512a8ab', 'created': '2023-12-26T07:36:55.640957'}
2023-12-26T07:36:55.653599+00:00 CRITICAL 'ansible_navigator.actions.run_8219._handle_message' Unhandled message from runner queue, discarded: {'event': 'verbose', 'uuid': '0ce7841f-54fe-4cc5-9786-dc903b1bb7cb', 'counter': 34, 'stdout': '                        [-i INVENTORY] [--list-hosts] [-l SUBSET]', 'start_line': 33, 'end_line': 34, 'runner_ident': '7a076ba2-2fd3-4493-ad2e-79687512a8ab', 'created': '2023-12-26T07:36:55.641029'}
2023-12-26T07:36:55.653724+00:00 CRITICAL 'ansible_navigator.actions.run_8219._handle_message' Unhandled message from runner queue, discarded: {'event': 'verbose', 'uuid': 'b924b877-8f09-4890-91c2-4e04ee6e1f2d', 'counter': 35, 'stdout': '                        [-e EXTRA_VARS] [--vault-id VAULT_IDS]', 'start_line': 34, 'end_line': 35, 'runner_ident': '7a076ba2-2fd3-4493-ad2e-79687512a8ab', 'created': '2023-12-26T07:36:55.641094'}
2023-12-26T07:36:55.653872+00:00 CRITICAL 'ansible_navigator.actions.run_8219._handle_message' Unhandled message from runner queue, discarded: {'event': 'verbose', 'uuid': '20df81a7-dc06-4830-9559-2e3cb30357f9', 'counter': 36, 'stdout': '                        [--ask-vault-password | --vault-password-file VAULT_PASSWORD_FILES]', 'start_line': 35, 'end_line': 36, 'runner_ident': '7a076ba2-2fd3-4493-ad2e-79687512a8ab', 'created': '2023-12-26T07:36:55.641152'}
2023-12-26T07:36:55.654013+00:00 CRITICAL 'ansible_navigator.actions.run_8219._handle_message' Unhandled message from runner queue, discarded: {'event': 'verbose', 'uuid': '4b85dcd1-595b-40c4-b5eb-98e908b0e6f8', 'counter': 37, 'stdout': '                        [-f FORKS] [-M MODULE_PATH] [--syntax-check]', 'start_line': 36, 'end_line': 37, 'runner_ident': '7a076ba2-2fd3-4493-ad2e-79687512a8ab', 'created': '2023-12-26T07:36:55.641212'}
2023-12-26T07:36:55.654143+00:00 CRITICAL 'ansible_navigator.actions.run_8219._handle_message' Unhandled message from runner queue, discarded: {'event': 'verbose', 'uuid': '6d9c8e58-ef20-4848-9741-34215d45a4df', 'counter': 38, 'stdout': '                        [--list-tasks] [--list-tags] [--step]', 'start_line': 37, 'end_line': 38, 'runner_ident': '7a076ba2-2fd3-4493-ad2e-79687512a8ab', 'created': '2023-12-26T07:36:55.641269'}
2023-12-26T07:36:55.654269+00:00 CRITICAL 'ansible_navigator.actions.run_8219._handle_message' Unhandled message from runner queue, discarded: {'event': 'verbose', 'uuid': 'eb9a0608-703b-498e-9484-b7270cc165f0', 'counter': 39, 'stdout': '                        [--start-at-task START_AT_TASK]', 'start_line': 38, 'end_line': 39, 'runner_ident': '7a076ba2-2fd3-4493-ad2e-79687512a8ab', 'created': '2023-12-26T07:36:55.641332'}
2023-12-26T07:36:55.654402+00:00 CRITICAL 'ansible_navigator.actions.run_8219._handle_message' Unhandled message from runner queue, discarded: {'event': 'verbose', 'uuid': '2bac6d9d-8382-41fc-acb0-040eff5a516b', 'counter': 40, 'stdout': '                        playbook [playbook ...]', 'start_line': 39, 'end_line': 40, 'runner_ident': '7a076ba2-2fd3-4493-ad2e-79687512a8ab', 'created': '2023-12-26T07:36:55.641386'}
2023-12-26T07:36:55.654518+00:00 CRITICAL 'ansible_navigator.actions.run_8219._handle_message' Unhandled message from runner queue, discarded: {'event': 'verbose', 'uuid': '2f592dcb-4f5e-4bdf-bfd9-47d656d17706', 'counter': 41, 'stdout': '', 'start_line': 40, 'end_line': 41, 'runner_ident': '7a076ba2-2fd3-4493-ad2e-79687512a8ab', 'created': '2023-12-26T07:36:55.641441'}
2023-12-26T07:36:55.654647+00:00 CRITICAL 'ansible_navigator.actions.run_8219._handle_message' Unhandled message from runner queue, discarded: {'event': 'verbose', 'uuid': '69703071-aed2-443a-8106-5aa4981324a8', 'counter': 42, 'stdout': 'Runs Ansible playbooks, executing the defined tasks on the targeted hosts.', 'start_line': 41, 'end_line': 42, 'runner_ident': '7a076ba2-2fd3-4493-ad2e-79687512a8ab', 'created': '2023-12-26T07:36:55.641495'}
2023-12-26T07:36:55.654791+00:00 CRITICAL 'ansible_navigator.actions.run_8219._handle_message' Unhandled message from runner queue, discarded: {'event': 'verbose', 'uuid': 'cfff8970-760f-49f0-8c2d-e29a72f48a3d', 'counter': 43, 'stdout': '', 'start_line': 42, 'end_line': 43, 'runner_ident': '7a076ba2-2fd3-4493-ad2e-79687512a8ab', 'created': '2023-12-26T07:36:55.641553'}
2023-12-26T07:36:55.654936+00:00 CRITICAL 'ansible_navigator.actions.run_8219._handle_message' Unhandled message from runner queue, discarded: {'event': 'verbose', 'uuid': 'a77434db-33cc-4a19-82de-df5f2ffd98f9', 'counter': 44, 'stdout': 'positional arguments:', 'start_line': 43, 'end_line': 44, 'runner_ident': '7a076ba2-2fd3-4493-ad2e-79687512a8ab', 'created': '2023-12-26T07:36:55.641607'}
2023-12-26T07:36:55.655080+00:00 CRITICAL 'ansible_navigator.actions.run_8219._handle_message' Unhandled message from runner queue, discarded: {'event': 'verbose', 'uuid': '9fe061ae-a119-4771-b1e5-f32047c2fa75', 'counter': 45, 'stdout': '  playbook              Playbook(s)', 'start_line': 44, 'end_line': 45, 'runner_ident': '7a076ba2-2fd3-4493-ad2e-79687512a8ab', 'created': '2023-12-26T07:36:55.641664'}
2023-12-26T07:36:55.655206+00:00 CRITICAL 'ansible_navigator.actions.run_8219._handle_message' Unhandled message from runner queue, discarded: {'event': 'verbose', 'uuid': '8caedb79-4d83-44b1-9755-5f63f711968f', 'counter': 46, 'stdout': '', 'start_line': 45, 'end_line': 46, 'runner_ident': '7a076ba2-2fd3-4493-ad2e-79687512a8ab', 'created': '2023-12-26T07:36:55.641726'}
2023-12-26T07:36:55.655322+00:00 CRITICAL 'ansible_navigator.actions.run_8219._handle_message' Unhandled message from runner queue, discarded: {'event': 'verbose', 'uuid': 'db885069-c56e-404a-9632-29a84b895d47', 'counter': 47, 'stdout': 'options:', 'start_line': 46, 'end_line': 47, 'runner_ident': '7a076ba2-2fd3-4493-ad2e-79687512a8ab', 'created': '2023-12-26T07:36:55.641828'}
2023-12-26T07:36:55.655442+00:00 CRITICAL 'ansible_navigator.actions.run_8219._handle_message' Unhandled message from runner queue, discarded: {'event': 'verbose', 'uuid': '17456121-225c-4da1-a8fc-8edeeb2625b3', 'counter': 48, 'stdout': '  --ask-vault-password, --ask-vault-pass', 'start_line': 47, 'end_line': 48, 'runner_ident': '7a076ba2-2fd3-4493-ad2e-79687512a8ab', 'created': '2023-12-26T07:36:55.641898'}
2023-12-26T07:36:55.655557+00:00 CRITICAL 'ansible_navigator.actions.run_8219._handle_message' Unhandled message from runner queue, discarded: {'event': 'verbose', 'uuid': '3af2c3f1-4b22-41d8-8712-7a5a69fd5f66', 'counter': 49, 'stdout': '                        ask for vault password', 'start_line': 48, 'end_line': 49, 'runner_ident': '7a076ba2-2fd3-4493-ad2e-79687512a8ab', 'created': '2023-12-26T07:36:55.641960'}
2023-12-26T07:36:55.655673+00:00 CRITICAL 'ansible_navigator.actions.run_8219._handle_message' Unhandled message from runner queue, discarded: {'event': 'verbose', 'uuid': 'de4658f3-8625-4433-90e3-ed2556a72fb2', 'counter': 50, 'stdout': '  --become-password-file BECOME_PASSWORD_FILE, --become-pass-file BECOME_PASSWORD_FILE', 'start_line': 49, 'end_line': 50, 'runner_ident': '7a076ba2-2fd3-4493-ad2e-79687512a8ab', 'created': '2023-12-26T07:36:55.642016'}
2023-12-26T07:36:55.655815+00:00 CRITICAL 'ansible_navigator.actions.run_8219._handle_message' Unhandled message from runner queue, discarded: {'event': 'verbose', 'uuid': 'da684d48-9243-4444-b66b-ae1a24002551', 'counter': 51, 'stdout': '                        Become password file', 'start_line': 50, 'end_line': 51, 'runner_ident': '7a076ba2-2fd3-4493-ad2e-79687512a8ab', 'created': '2023-12-26T07:36:55.642078'}
2023-12-26T07:36:55.655947+00:00 CRITICAL 'ansible_navigator.actions.run_8219._handle_message' Unhandled message from runner queue, discarded: {'event': 'verbose', 'uuid': 'c1d35060-404a-41d1-a5d7-d64ab38f4ffc', 'counter': 52, 'stdout': '  --connection-password-file CONNECTION_PASSWORD_FILE, --conn-pass-file CONNECTION_PASSWORD_FILE', 'start_line': 51, 'end_line': 52, 'runner_ident': '7a076ba2-2fd3-4493-ad2e-79687512a8ab', 'created': '2023-12-26T07:36:55.642149'}
2023-12-26T07:36:55.656076+00:00 CRITICAL 'ansible_navigator.actions.run_8219._handle_message' Unhandled message from runner queue, discarded: {'event': 'verbose', 'uuid': '9b1f6743-1da9-404f-a5b7-99e566dc3d3e', 'counter': 53, 'stdout': '                        Connection password file', 'start_line': 52, 'end_line': 53, 'runner_ident': '7a076ba2-2fd3-4493-ad2e-79687512a8ab', 'created': '2023-12-26T07:36:55.642226'}
2023-12-26T07:36:55.656199+00:00 CRITICAL 'ansible_navigator.actions.run_8219._handle_message' Unhandled message from runner queue, discarded: {'event': 'verbose', 'uuid': '292e00a1-d9d9-4a0a-b7e7-fc96de0587da', 'counter': 54, 'stdout': '  --flush-cache         clear the fact cache for every host in inventory', 'start_line': 53, 'end_line': 54, 'runner_ident': '7a076ba2-2fd3-4493-ad2e-79687512a8ab', 'created': '2023-12-26T07:36:55.642296'}
2023-12-26T07:36:55.656321+00:00 CRITICAL 'ansible_navigator.actions.run_8219._handle_message' Unhandled message from runner queue, discarded: {'event': 'verbose', 'uuid': '390cc98d-1db5-41e8-831b-ed82b9ae6dea', 'counter': 55, 'stdout': '  --force-handlers      run handlers even if a task fails', 'start_line': 54, 'end_line': 55, 'runner_ident': '7a076ba2-2fd3-4493-ad2e-79687512a8ab', 'created': '2023-12-26T07:36:55.642365'}
2023-12-26T07:36:55.656455+00:00 CRITICAL 'ansible_navigator.actions.run_8219._handle_message' Unhandled message from runner queue, discarded: {'event': 'verbose', 'uuid': 'dcaf8951-cd5b-4ade-9832-cc10092314bf', 'counter': 56, 'stdout': '  --list-hosts          outputs a list of matching hosts; does not execute', 'start_line': 55, 'end_line': 56, 'runner_ident': '7a076ba2-2fd3-4493-ad2e-79687512a8ab', 'created': '2023-12-26T07:36:55.642436'}
2023-12-26T07:36:55.656576+00:00 CRITICAL 'ansible_navigator.actions.run_8219._handle_message' Unhandled message from runner queue, discarded: {'event': 'verbose', 'uuid': '4e5e2555-cf36-46e3-853b-23524ddaa5a5', 'counter': 57, 'stdout': '                        anything else', 'start_line': 56, 'end_line': 57, 'runner_ident': '7a076ba2-2fd3-4493-ad2e-79687512a8ab', 'created': '2023-12-26T07:36:55.642508'}
2023-12-26T07:36:55.656693+00:00 CRITICAL 'ansible_navigator.actions.run_8219._handle_message' Unhandled message from runner queue, discarded: {'event': 'verbose', 'uuid': '382e6b93-872b-48c9-8b43-ece5ce12539b', 'counter': 58, 'stdout': '  --list-tags           list all available tags', 'start_line': 57, 'end_line': 58, 'runner_ident': '7a076ba2-2fd3-4493-ad2e-79687512a8ab', 'created': '2023-12-26T07:36:55.642578'}
2023-12-26T07:36:55.656838+00:00 CRITICAL 'ansible_navigator.actions.run_8219._handle_message' Unhandled message from runner queue, discarded: {'event': 'verbose', 'uuid': '0ad2ef38-62bc-4bba-837a-985a27d6019d', 'counter': 59, 'stdout': '  --list-tasks          list all tasks that would be executed', 'start_line': 58, 'end_line': 59, 'runner_ident': '7a076ba2-2fd3-4493-ad2e-79687512a8ab', 'created': '2023-12-26T07:36:55.642651'}
2023-12-26T07:36:55.656961+00:00 CRITICAL 'ansible_navigator.actions.run_8219._handle_message' Unhandled message from runner queue, discarded: {'event': 'verbose', 'uuid': '8e26473a-4117-43f0-a793-f560d613d249', 'counter': 60, 'stdout': '  --skip-tags SKIP_TAGS', 'start_line': 59, 'end_line': 60, 'runner_ident': '7a076ba2-2fd3-4493-ad2e-79687512a8ab', 'created': '2023-12-26T07:36:55.642720'}
2023-12-26T07:36:55.657075+00:00 CRITICAL 'ansible_navigator.actions.run_8219._handle_message' Unhandled message from runner queue, discarded: {'event': 'verbose', 'uuid': '3963ed5f-3b35-44f8-848c-2dee8891e964', 'counter': 61, 'stdout': '                        only run plays and tasks whose tags do not match these', 'start_line': 60, 'end_line': 61, 'runner_ident': '7a076ba2-2fd3-4493-ad2e-79687512a8ab', 'created': '2023-12-26T07:36:55.642836'}
2023-12-26T07:36:55.657197+00:00 CRITICAL 'ansible_navigator.actions.run_8219._handle_message' Unhandled message from runner queue, discarded: {'event': 'verbose', 'uuid': '41b9b389-62f3-4b0a-9477-381471a4c87d', 'counter': 62, 'stdout': '                        values', 'start_line': 61, 'end_line': 62, 'runner_ident': '7a076ba2-2fd3-4493-ad2e-79687512a8ab', 'created': '2023-12-26T07:36:55.642905'}
2023-12-26T07:36:55.657311+00:00 CRITICAL 'ansible_navigator.actions.run_8219._handle_message' Unhandled message from runner queue, discarded: {'event': 'verbose', 'uuid': 'bd9d9f19-0951-443b-b6d1-e3bc9d1912ce', 'counter': 63, 'stdout': '  --start-at-task START_AT_TASK', 'start_line': 62, 'end_line': 63, 'runner_ident': '7a076ba2-2fd3-4493-ad2e-79687512a8ab', 'created': '2023-12-26T07:36:55.642958'}
2023-12-26T07:36:55.657429+00:00 CRITICAL 'ansible_navigator.actions.run_8219._handle_message' Unhandled message from runner queue, discarded: {'event': 'verbose', 'uuid': 'defe2aed-e26c-4ef0-b007-629480252789', 'counter': 64, 'stdout': '                        start the playbook at the task matching this name', 'start_line': 63, 'end_line': 64, 'runner_ident': '7a076ba2-2fd3-4493-ad2e-79687512a8ab', 'created': '2023-12-26T07:36:55.643013'}
2023-12-26T07:36:55.657546+00:00 CRITICAL 'ansible_navigator.actions.run_8219._handle_message' Unhandled message from runner queue, discarded: {'event': 'verbose', 'uuid': 'a314e036-be88-4784-888e-63283c0ebaa1', 'counter': 65, 'stdout': '  --step                one-step-at-a-time: confirm each task before running', 'start_line': 64, 'end_line': 65, 'runner_ident': '7a076ba2-2fd3-4493-ad2e-79687512a8ab', 'created': '2023-12-26T07:36:55.643064'}
2023-12-26T07:36:55.657676+00:00 CRITICAL 'ansible_navigator.actions.run_8219._handle_message' Unhandled message from runner queue, discarded: {'event': 'verbose', 'uuid': 'cc53e960-4083-4635-9ccf-ddd6278c10b2', 'counter': 66, 'stdout': '  --syntax-check        perform a syntax check on the playbook, but do not', 'start_line': 65, 'end_line': 66, 'runner_ident': '7a076ba2-2fd3-4493-ad2e-79687512a8ab', 'created': '2023-12-26T07:36:55.643117'}
2023-12-26T07:36:55.657819+00:00 CRITICAL 'ansible_navigator.actions.run_8219._handle_message' Unhandled message from runner queue, discarded: {'event': 'verbose', 'uuid': '46df265e-e364-4e2e-a3fe-25b5239304f7', 'counter': 67, 'stdout': '                        execute it', 'start_line': 66, 'end_line': 67, 'runner_ident': '7a076ba2-2fd3-4493-ad2e-79687512a8ab', 'created': '2023-12-26T07:36:55.643182'}
2023-12-26T07:36:55.657944+00:00 CRITICAL 'ansible_navigator.actions.run_8219._handle_message' Unhandled message from runner queue, discarded: {'event': 'verbose', 'uuid': '60509ebc-897f-42d4-aaa2-09c0a662cf40', 'counter': 68, 'stdout': '  --vault-id VAULT_IDS  the vault identity to use', 'start_line': 67, 'end_line': 68, 'runner_ident': '7a076ba2-2fd3-4493-ad2e-79687512a8ab', 'created': '2023-12-26T07:36:55.643240'}
2023-12-26T07:36:55.658063+00:00 CRITICAL 'ansible_navigator.actions.run_8219._handle_message' Unhandled message from runner queue, discarded: {'event': 'verbose', 'uuid': '167537c3-e82e-43ef-a610-4a73bc693d07', 'counter': 69, 'stdout': '  --vault-password-file VAULT_PASSWORD_FILES, --vault-pass-file VAULT_PASSWORD_FILES', 'start_line': 68, 'end_line': 69, 'runner_ident': '7a076ba2-2fd3-4493-ad2e-79687512a8ab', 'created': '2023-12-26T07:36:55.644141'}
2023-12-26T07:36:55.658180+00:00 CRITICAL 'ansible_navigator.actions.run_8219._handle_message' Unhandled message from runner queue, discarded: {'event': 'verbose', 'uuid': '12a18d4b-de3d-4344-a88a-c89438e6b920', 'counter': 70, 'stdout': '                        vault password file', 'start_line': 69, 'end_line': 70, 'runner_ident': '7a076ba2-2fd3-4493-ad2e-79687512a8ab', 'created': '2023-12-26T07:36:55.644238'}
2023-12-26T07:36:55.658295+00:00 CRITICAL 'ansible_navigator.actions.run_8219._handle_message' Unhandled message from runner queue, discarded: {'event': 'verbose', 'uuid': '67b31ad0-a878-42be-95a6-3e28a631f156', 'counter': 71, 'stdout': "  --version             show program's version number, config file location,", 'start_line': 70, 'end_line': 71, 'runner_ident': '7a076ba2-2fd3-4493-ad2e-79687512a8ab', 'created': '2023-12-26T07:36:55.644312'}
2023-12-26T07:36:55.658407+00:00 CRITICAL 'ansible_navigator.actions.run_8219._handle_message' Unhandled message from runner queue, discarded: {'event': 'verbose', 'uuid': '3133e728-fe0f-41db-8638-4788dab57054', 'counter': 72, 'stdout': '                        configured module search path, module location,', 'start_line': 71, 'end_line': 72, 'runner_ident': '7a076ba2-2fd3-4493-ad2e-79687512a8ab', 'created': '2023-12-26T07:36:55.644390'}
2023-12-26T07:36:55.658524+00:00 CRITICAL 'ansible_navigator.actions.run_8219._handle_message' Unhandled message from runner queue, discarded: {'event': 'verbose', 'uuid': '85376862-a84e-4cc7-a112-c0e7b4096236', 'counter': 73, 'stdout': '                        executable location and exit', 'start_line': 72, 'end_line': 73, 'runner_ident': '7a076ba2-2fd3-4493-ad2e-79687512a8ab', 'created': '2023-12-26T07:36:55.644453'}
2023-12-26T07:36:55.658638+00:00 CRITICAL 'ansible_navigator.actions.run_8219._handle_message' Unhandled message from runner queue, discarded: {'event': 'verbose', 'uuid': '345f19b6-cd56-43ec-80a8-f2dfd54c11ed', 'counter': 74, 'stdout': "  -C, --check           don't make any changes; instead, try to predict some", 'start_line': 73, 'end_line': 74, 'runner_ident': '7a076ba2-2fd3-4493-ad2e-79687512a8ab', 'created': '2023-12-26T07:36:55.644513'}
2023-12-26T07:36:55.658764+00:00 CRITICAL 'ansible_navigator.actions.run_8219._handle_message' Unhandled message from runner queue, discarded: {'event': 'verbose', 'uuid': '057e59a4-890f-4d25-9f38-af3d1084ec02', 'counter': 75, 'stdout': '                        of the changes that may occur', 'start_line': 74, 'end_line': 75, 'runner_ident': '7a076ba2-2fd3-4493-ad2e-79687512a8ab', 'created': '2023-12-26T07:36:55.644572'}
2023-12-26T07:36:55.658911+00:00 CRITICAL 'ansible_navigator.actions.run_8219._handle_message' Unhandled message from runner queue, discarded: {'event': 'verbose', 'uuid': 'cdac86eb-f09e-49c6-b935-c9baec3ad7ff', 'counter': 76, 'stdout': '  -D, --diff            when changing (small) files and templates, show the', 'start_line': 75, 'end_line': 76, 'runner_ident': '7a076ba2-2fd3-4493-ad2e-79687512a8ab', 'created': '2023-12-26T07:36:55.644627'}
2023-12-26T07:36:55.659030+00:00 CRITICAL 'ansible_navigator.actions.run_8219._handle_message' Unhandled message from runner queue, discarded: {'event': 'verbose', 'uuid': '120012a2-ed36-4904-8418-883029feca9c', 'counter': 77, 'stdout': '                        differences in those files; works great with --check', 'start_line': 76, 'end_line': 77, 'runner_ident': '7a076ba2-2fd3-4493-ad2e-79687512a8ab', 'created': '2023-12-26T07:36:55.644682'}
2023-12-26T07:36:55.659145+00:00 CRITICAL 'ansible_navigator.actions.run_8219._handle_message' Unhandled message from runner queue, discarded: {'event': 'verbose', 'uuid': '05e4392d-d9bf-46d1-8444-3423e08670b3', 'counter': 78, 'stdout': '  -K, --ask-become-pass', 'start_line': 77, 'end_line': 78, 'runner_ident': '7a076ba2-2fd3-4493-ad2e-79687512a8ab', 'created': '2023-12-26T07:36:55.644737'}
2023-12-26T07:36:55.659260+00:00 CRITICAL 'ansible_navigator.actions.run_8219._handle_message' Unhandled message from runner queue, discarded: {'event': 'verbose', 'uuid': 'd3382fa6-cea9-47ab-b1f6-2b87abac4776', 'counter': 79, 'stdout': '                        ask for privilege escalation password', 'start_line': 78, 'end_line': 79, 'runner_ident': '7a076ba2-2fd3-4493-ad2e-79687512a8ab', 'created': '2023-12-26T07:36:55.644849'}
2023-12-26T07:36:55.659376+00:00 CRITICAL 'ansible_navigator.actions.run_8219._handle_message' Unhandled message from runner queue, discarded: {'event': 'verbose', 'uuid': 'b13ff8d0-65b4-420e-9cfd-ff7dd534abc2', 'counter': 80, 'stdout': '  -M MODULE_PATH, --module-path MODULE_PATH', 'start_line': 79, 'end_line': 80, 'runner_ident': '7a076ba2-2fd3-4493-ad2e-79687512a8ab', 'created': '2023-12-26T07:36:55.644920'}
2023-12-26T07:36:55.659491+00:00 CRITICAL 'ansible_navigator.actions.run_8219._handle_message' Unhandled message from runner queue, discarded: {'event': 'verbose', 'uuid': 'e26781a8-ce03-4398-acbe-52aef471b021', 'counter': 81, 'stdout': '                        prepend colon-separated path(s) to module library', 'start_line': 80, 'end_line': 81, 'runner_ident': '7a076ba2-2fd3-4493-ad2e-79687512a8ab', 'created': '2023-12-26T07:36:55.644979'}
2023-12-26T07:36:55.659618+00:00 CRITICAL 'ansible_navigator.actions.run_8219._handle_message' Unhandled message from runner queue, discarded: {'event': 'verbose', 'uuid': '3a703081-4551-4054-be28-94ed1bb92656', 'counter': 82, 'stdout': '                        (default={{ ANSIBLE_HOME ~', 'start_line': 81, 'end_line': 82, 'runner_ident': '7a076ba2-2fd3-4493-ad2e-79687512a8ab', 'created': '2023-12-26T07:36:55.645037'}
2023-12-26T07:36:55.659731+00:00 CRITICAL 'ansible_navigator.actions.run_8219._handle_message' Unhandled message from runner queue, discarded: {'event': 'verbose', 'uuid': 'e2517a56-9cf2-4e5b-b8b8-ef6c37eb052a', 'counter': 83, 'stdout': '                        "/plugins/modules:/usr/share/ansible/plugins/modules"', 'start_line': 82, 'end_line': 83, 'runner_ident': '7a076ba2-2fd3-4493-ad2e-79687512a8ab', 'created': '2023-12-26T07:36:55.645094'}
2023-12-26T07:36:55.659872+00:00 CRITICAL 'ansible_navigator.actions.run_8219._handle_message' Unhandled message from runner queue, discarded: {'event': 'verbose', 'uuid': '3889a0d2-9a31-464e-8dd9-4874cc9f37d9', 'counter': 84, 'stdout': '                        }})', 'start_line': 83, 'end_line': 84, 'runner_ident': '7a076ba2-2fd3-4493-ad2e-79687512a8ab', 'created': '2023-12-26T07:36:55.645148'}
2023-12-26T07:36:55.660002+00:00 CRITICAL 'ansible_navigator.actions.run_8219._handle_message' Unhandled message from runner queue, discarded: {'event': 'verbose', 'uuid': '0fa5f90c-572f-4992-8f96-6894ccf12109', 'counter': 85, 'stdout': '  -e EXTRA_VARS, --extra-vars EXTRA_VARS', 'start_line': 84, 'end_line': 85, 'runner_ident': '7a076ba2-2fd3-4493-ad2e-79687512a8ab', 'created': '2023-12-26T07:36:55.645204'}
2023-12-26T07:36:55.660119+00:00 CRITICAL 'ansible_navigator.actions.run_8219._handle_message' Unhandled message from runner queue, discarded: {'event': 'verbose', 'uuid': '88e4e56e-8201-4759-a069-42022e2c594b', 'counter': 86, 'stdout': '                        set additional variables as key=value or YAML/JSON, if', 'start_line': 85, 'end_line': 86, 'runner_ident': '7a076ba2-2fd3-4493-ad2e-79687512a8ab', 'created': '2023-12-26T07:36:55.645259'}
2023-12-26T07:36:55.660230+00:00 CRITICAL 'ansible_navigator.actions.run_8219._handle_message' Unhandled message from runner queue, discarded: {'event': 'verbose', 'uuid': '72a93cb2-d389-4e85-88a5-2571cb0b6227', 'counter': 87, 'stdout': '                        filename prepend with @', 'start_line': 86, 'end_line': 87, 'runner_ident': '7a076ba2-2fd3-4493-ad2e-79687512a8ab', 'created': '2023-12-26T07:36:55.645312'}
2023-12-26T07:36:55.660347+00:00 CRITICAL 'ansible_navigator.actions.run_8219._handle_message' Unhandled message from runner queue, discarded: {'event': 'verbose', 'uuid': 'd20ca268-d981-4c60-b9bb-2a3d3769c306', 'counter': 88, 'stdout': '  -f FORKS, --forks FORKS', 'start_line': 87, 'end_line': 88, 'runner_ident': '7a076ba2-2fd3-4493-ad2e-79687512a8ab', 'created': '2023-12-26T07:36:55.645366'}
2023-12-26T07:36:55.660463+00:00 CRITICAL 'ansible_navigator.actions.run_8219._handle_message' Unhandled message from runner queue, discarded: {'event': 'verbose', 'uuid': '2ed02c15-4732-4981-b8bc-c7c736554d29', 'counter': 89, 'stdout': '                        specify number of parallel processes to use', 'start_line': 88, 'end_line': 89, 'runner_ident': '7a076ba2-2fd3-4493-ad2e-79687512a8ab', 'created': '2023-12-26T07:36:55.645418'}
2023-12-26T07:36:55.660690+00:00 CRITICAL 'ansible_navigator.actions.run_8219._handle_message' Unhandled message from runner queue, discarded: {'event': 'verbose', 'uuid': '598e8224-2c62-45bb-a5de-fc234f0eec7d', 'counter': 90, 'stdout': '                        (default=5)', 'start_line': 89, 'end_line': 90, 'runner_ident': '7a076ba2-2fd3-4493-ad2e-79687512a8ab', 'created': '2023-12-26T07:36:55.645471'}
2023-12-26T07:36:55.660859+00:00 CRITICAL 'ansible_navigator.actions.run_8219._handle_message' Unhandled message from runner queue, discarded: {'event': 'verbose', 'uuid': '4451c6a9-7188-464e-a15d-8d1c2c4256b7', 'counter': 91, 'stdout': '  -h, --help            show this help message and exit', 'start_line': 90, 'end_line': 91, 'runner_ident': '7a076ba2-2fd3-4493-ad2e-79687512a8ab', 'created': '2023-12-26T07:36:55.645524'}
2023-12-26T07:36:55.660990+00:00 CRITICAL 'ansible_navigator.actions.run_8219._handle_message' Unhandled message from runner queue, discarded: {'event': 'verbose', 'uuid': '247bbf04-fac0-426b-a5a9-eb91d4062fb8', 'counter': 92, 'stdout': '  -i INVENTORY, --inventory INVENTORY, --inventory-file INVENTORY', 'start_line': 91, 'end_line': 92, 'runner_ident': '7a076ba2-2fd3-4493-ad2e-79687512a8ab', 'created': '2023-12-26T07:36:55.645576'}
2023-12-26T07:36:55.661109+00:00 CRITICAL 'ansible_navigator.actions.run_8219._handle_message' Unhandled message from runner queue, discarded: {'event': 'verbose', 'uuid': '6098ed61-3d3b-4002-b61f-78be4a47ce2a', 'counter': 93, 'stdout': '                        specify inventory host path or comma separated host', 'start_line': 92, 'end_line': 93, 'runner_ident': '7a076ba2-2fd3-4493-ad2e-79687512a8ab', 'created': '2023-12-26T07:36:55.645628'}
2023-12-26T07:36:55.661233+00:00 CRITICAL 'ansible_navigator.actions.run_8219._handle_message' Unhandled message from runner queue, discarded: {'event': 'verbose', 'uuid': '8532c817-d3c8-4d32-9246-5338e2b10693', 'counter': 94, 'stdout': '                        list. --inventory-file is deprecated', 'start_line': 93, 'end_line': 94, 'runner_ident': '7a076ba2-2fd3-4493-ad2e-79687512a8ab', 'created': '2023-12-26T07:36:55.645682'}
2023-12-26T07:36:55.661354+00:00 CRITICAL 'ansible_navigator.actions.run_8219._handle_message' Unhandled message from runner queue, discarded: {'event': 'verbose', 'uuid': 'e76fce0e-f137-4b78-b8e8-fd7fdb935e1e', 'counter': 95, 'stdout': '  -k, --ask-pass        ask for connection password', 'start_line': 94, 'end_line': 95, 'runner_ident': '7a076ba2-2fd3-4493-ad2e-79687512a8ab', 'created': '2023-12-26T07:36:55.645735'}
2023-12-26T07:36:55.661474+00:00 CRITICAL 'ansible_navigator.actions.run_8219._handle_message' Unhandled message from runner queue, discarded: {'event': 'verbose', 'uuid': '3f0a028e-cadd-4ee9-bd1c-f2d0c84e6b4a', 'counter': 96, 'stdout': '  -l SUBSET, --limit SUBSET', 'start_line': 95, 'end_line': 96, 'runner_ident': '7a076ba2-2fd3-4493-ad2e-79687512a8ab', 'created': '2023-12-26T07:36:55.645835'}
2023-12-26T07:36:55.661590+00:00 CRITICAL 'ansible_navigator.actions.run_8219._handle_message' Unhandled message from runner queue, discarded: {'event': 'verbose', 'uuid': '047deb2d-1295-489a-a327-cade6238b2ff', 'counter': 97, 'stdout': '                        further limit selected hosts to an additional pattern', 'start_line': 96, 'end_line': 97, 'runner_ident': '7a076ba2-2fd3-4493-ad2e-79687512a8ab', 'created': '2023-12-26T07:36:55.645906'}
2023-12-26T07:36:55.661704+00:00 CRITICAL 'ansible_navigator.actions.run_8219._handle_message' Unhandled message from runner queue, discarded: {'event': 'verbose', 'uuid': '6c5a7b3b-7941-4297-9f7e-6da34e3468c2', 'counter': 98, 'stdout': '  -t TAGS, --tags TAGS  only run plays and tasks tagged with these values', 'start_line': 97, 'end_line': 98, 'runner_ident': '7a076ba2-2fd3-4493-ad2e-79687512a8ab', 'created': '2023-12-26T07:36:55.645968'}
2023-12-26T07:36:55.661848+00:00 CRITICAL 'ansible_navigator.actions.run_8219._handle_message' Unhandled message from runner queue, discarded: {'event': 'verbose', 'uuid': '59bdc3e0-ebb0-42fc-a587-43de0cd40af9', 'counter': 99, 'stdout': '  -v, --verbose         Causes Ansible to print more debug messages. Adding', 'start_line': 98, 'end_line': 99, 'runner_ident': '7a076ba2-2fd3-4493-ad2e-79687512a8ab', 'created': '2023-12-26T07:36:55.646022'}
2023-12-26T07:36:55.661977+00:00 CRITICAL 'ansible_navigator.actions.run_8219._handle_message' Unhandled message from runner queue, discarded: {'event': 'verbose', 'uuid': 'd7873031-4b68-4a1c-89cc-f6a340554285', 'counter': 100, 'stdout': '                        multiple -v will increase the verbosity, the builtin', 'start_line': 99, 'end_line': 100, 'runner_ident': '7a076ba2-2fd3-4493-ad2e-79687512a8ab', 'created': '2023-12-26T07:36:55.646069'}
2023-12-26T07:36:55.662102+00:00 CRITICAL 'ansible_navigator.actions.run_8219._handle_message' Unhandled message from runner queue, discarded: {'event': 'verbose', 'uuid': '4d1cf5be-b69a-4810-822c-49e0e0a4a4b3', 'counter': 101, 'stdout': '                        plugins currently evaluate up to -vvvvvv. A reasonable', 'start_line': 100, 'end_line': 101, 'runner_ident': '7a076ba2-2fd3-4493-ad2e-79687512a8ab', 'created': '2023-12-26T07:36:55.646117'}
2023-12-26T07:36:55.662224+00:00 CRITICAL 'ansible_navigator.actions.run_8219._handle_message' Unhandled message from runner queue, discarded: {'event': 'verbose', 'uuid': 'e4be17cd-2cc2-4e7d-8abc-02e5acc4bfd0', 'counter': 102, 'stdout': '                        level to start is -vvv, connection debugging might', 'start_line': 101, 'end_line': 102, 'runner_ident': '7a076ba2-2fd3-4493-ad2e-79687512a8ab', 'created': '2023-12-26T07:36:55.647857'}
2023-12-26T07:36:55.662340+00:00 CRITICAL 'ansible_navigator.actions.run_8219._handle_message' Unhandled message from runner queue, discarded: {'event': 'verbose', 'uuid': '6c49f3a5-fb23-4433-8b35-9af384158ef3', 'counter': 103, 'stdout': '                        require -vvvv.', 'start_line': 102, 'end_line': 103, 'runner_ident': '7a076ba2-2fd3-4493-ad2e-79687512a8ab', 'created': '2023-12-26T07:36:55.647949'}
2023-12-26T07:36:55.662450+00:00 CRITICAL 'ansible_navigator.actions.run_8219._handle_message' Unhandled message from runner queue, discarded: {'event': 'verbose', 'uuid': '3f582bb8-597d-4109-a0fc-245228618e73', 'counter': 104, 'stdout': '', 'start_line': 103, 'end_line': 104, 'runner_ident': '7a076ba2-2fd3-4493-ad2e-79687512a8ab', 'created': '2023-12-26T07:36:55.648019'}
2023-12-26T07:36:55.662564+00:00 CRITICAL 'ansible_navigator.actions.run_8219._handle_message' Unhandled message from runner queue, discarded: {'event': 'verbose', 'uuid': '1f5268a5-ec8a-402e-a13f-eaa562192cca', 'counter': 105, 'stdout': 'Connection Options:', 'start_line': 104, 'end_line': 105, 'runner_ident': '7a076ba2-2fd3-4493-ad2e-79687512a8ab', 'created': '2023-12-26T07:36:55.648080'}
2023-12-26T07:36:55.662688+00:00 CRITICAL 'ansible_navigator.actions.run_8219._handle_message' Unhandled message from runner queue, discarded: {'event': 'verbose', 'uuid': '25f4cb01-5bd0-4fc2-81cb-b46a4daae347', 'counter': 106, 'stdout': '  control as whom and how to connect to hosts', 'start_line': 105, 'end_line': 106, 'runner_ident': '7a076ba2-2fd3-4493-ad2e-79687512a8ab', 'created': '2023-12-26T07:36:55.648136'}
2023-12-26T07:36:55.662817+00:00 CRITICAL 'ansible_navigator.actions.run_8219._handle_message' Unhandled message from runner queue, discarded: {'event': 'verbose', 'uuid': 'cf8b1e43-18a0-466f-8754-45870fc05e7f', 'counter': 107, 'stdout': '', 'start_line': 106, 'end_line': 107, 'runner_ident': '7a076ba2-2fd3-4493-ad2e-79687512a8ab', 'created': '2023-12-26T07:36:55.648192'}
2023-12-26T07:36:55.663071+00:00 CRITICAL 'ansible_navigator.actions.run_8219._handle_message' Unhandled message from runner queue, discarded: {'event': 'verbose', 'uuid': '4bc51f47-91fc-4e8f-994b-ab82ad57e319', 'counter': 108, 'stdout': '  --private-key PRIVATE_KEY_FILE, --key-file PRIVATE_KEY_FILE', 'start_line': 107, 'end_line': 108, 'runner_ident': '7a076ba2-2fd3-4493-ad2e-79687512a8ab', 'created': '2023-12-26T07:36:55.648244'}
2023-12-26T07:36:55.663205+00:00 CRITICAL 'ansible_navigator.actions.run_8219._handle_message' Unhandled message from runner queue, discarded: {'event': 'verbose', 'uuid': '810977f5-f810-4b68-b762-75f4df204acd', 'counter': 109, 'stdout': '                        use this file to authenticate the connection', 'start_line': 108, 'end_line': 109, 'runner_ident': '7a076ba2-2fd3-4493-ad2e-79687512a8ab', 'created': '2023-12-26T07:36:55.648299'}
2023-12-26T07:36:55.663331+00:00 CRITICAL 'ansible_navigator.actions.run_8219._handle_message' Unhandled message from runner queue, discarded: {'event': 'verbose', 'uuid': 'dd2ac90c-c1d1-4966-abd7-3d382dc160bf', 'counter': 110, 'stdout': '  --scp-extra-args SCP_EXTRA_ARGS', 'start_line': 109, 'end_line': 110, 'runner_ident': '7a076ba2-2fd3-4493-ad2e-79687512a8ab', 'created': '2023-12-26T07:36:55.648355'}
2023-12-26T07:36:55.663448+00:00 CRITICAL 'ansible_navigator.actions.run_8219._handle_message' Unhandled message from runner queue, discarded: {'event': 'verbose', 'uuid': 'a838d648-c75c-4f6c-b0d7-187230f3dbc9', 'counter': 111, 'stdout': '                        specify extra arguments to pass to scp only (e.g. -l)', 'start_line': 110, 'end_line': 111, 'runner_ident': '7a076ba2-2fd3-4493-ad2e-79687512a8ab', 'created': '2023-12-26T07:36:55.648408'}
2023-12-26T07:36:55.663561+00:00 CRITICAL 'ansible_navigator.actions.run_8219._handle_message' Unhandled message from runner queue, discarded: {'event': 'verbose', 'uuid': '45464c66-cc7f-4dae-b17a-47d122815f49', 'counter': 112, 'stdout': '  --sftp-extra-args SFTP_EXTRA_ARGS', 'start_line': 111, 'end_line': 112, 'runner_ident': '7a076ba2-2fd3-4493-ad2e-79687512a8ab', 'created': '2023-12-26T07:36:55.648462'}
2023-12-26T07:36:55.663682+00:00 CRITICAL 'ansible_navigator.actions.run_8219._handle_message' Unhandled message from runner queue, discarded: {'event': 'verbose', 'uuid': '87a9f06e-4f07-4d1d-b457-8372c739f049', 'counter': 113, 'stdout': '                        specify extra arguments to pass to sftp only (e.g. -f,', 'start_line': 112, 'end_line': 113, 'runner_ident': '7a076ba2-2fd3-4493-ad2e-79687512a8ab', 'created': '2023-12-26T07:36:55.648515'}
2023-12-26T07:36:55.663832+00:00 CRITICAL 'ansible_navigator.actions.run_8219._handle_message' Unhandled message from runner queue, discarded: {'event': 'verbose', 'uuid': '3abba9ab-350b-4441-9afd-116c05a2bff5', 'counter': 114, 'stdout': '                        -l)', 'start_line': 113, 'end_line': 114, 'runner_ident': '7a076ba2-2fd3-4493-ad2e-79687512a8ab', 'created': '2023-12-26T07:36:55.648568'}
2023-12-26T07:36:55.663960+00:00 CRITICAL 'ansible_navigator.actions.run_8219._handle_message' Unhandled message from runner queue, discarded: {'event': 'verbose', 'uuid': '349259e7-5b69-4b8a-9625-9e302e2b151c', 'counter': 115, 'stdout': '  --ssh-common-args SSH_COMMON_ARGS', 'start_line': 114, 'end_line': 115, 'runner_ident': '7a076ba2-2fd3-4493-ad2e-79687512a8ab', 'created': '2023-12-26T07:36:55.648619'}
2023-12-26T07:36:55.664087+00:00 CRITICAL 'ansible_navigator.actions.run_8219._handle_message' Unhandled message from runner queue, discarded: {'event': 'verbose', 'uuid': '9ced892b-6fae-48a1-ab7a-5836815e26e0', 'counter': 116, 'stdout': '                        specify common arguments to pass to sftp/scp/ssh (e.g.', 'start_line': 115, 'end_line': 116, 'runner_ident': '7a076ba2-2fd3-4493-ad2e-79687512a8ab', 'created': '2023-12-26T07:36:55.648671'}
2023-12-26T07:36:55.664207+00:00 CRITICAL 'ansible_navigator.actions.run_8219._handle_message' Unhandled message from runner queue, discarded: {'event': 'verbose', 'uuid': '82d10f41-9e9f-454b-8a48-6e7bd2a6b288', 'counter': 117, 'stdout': '                        ProxyCommand)', 'start_line': 116, 'end_line': 117, 'runner_ident': '7a076ba2-2fd3-4493-ad2e-79687512a8ab', 'created': '2023-12-26T07:36:55.648723'}
2023-12-26T07:36:55.664322+00:00 CRITICAL 'ansible_navigator.actions.run_8219._handle_message' Unhandled message from runner queue, discarded: {'event': 'verbose', 'uuid': 'd32bc45a-a4d8-4739-9597-1648b412c8f6', 'counter': 118, 'stdout': '  --ssh-extra-args SSH_EXTRA_ARGS', 'start_line': 117, 'end_line': 118, 'runner_ident': '7a076ba2-2fd3-4493-ad2e-79687512a8ab', 'created': '2023-12-26T07:36:55.648824'}
2023-12-26T07:36:55.664435+00:00 CRITICAL 'ansible_navigator.actions.run_8219._handle_message' Unhandled message from runner queue, discarded: {'event': 'verbose', 'uuid': '7a4efa4b-dc9a-4f98-975e-2982a88cb27a', 'counter': 119, 'stdout': '                        specify extra arguments to pass to ssh only (e.g. -R)', 'start_line': 118, 'end_line': 119, 'runner_ident': '7a076ba2-2fd3-4493-ad2e-79687512a8ab', 'created': '2023-12-26T07:36:55.648893'}
2023-12-26T07:36:55.664543+00:00 CRITICAL 'ansible_navigator.actions.run_8219._handle_message' Unhandled message from runner queue, discarded: {'event': 'verbose', 'uuid': '6e825833-a00a-4466-b99e-c454285822d2', 'counter': 120, 'stdout': '  -T TIMEOUT, --timeout TIMEOUT', 'start_line': 119, 'end_line': 120, 'runner_ident': '7a076ba2-2fd3-4493-ad2e-79687512a8ab', 'created': '2023-12-26T07:36:55.648950'}
2023-12-26T07:36:55.664654+00:00 CRITICAL 'ansible_navigator.actions.run_8219._handle_message' Unhandled message from runner queue, discarded: {'event': 'verbose', 'uuid': 'b317a03b-885d-4b58-91aa-bd14866cf5b0', 'counter': 121, 'stdout': '                        override the connection timeout in seconds', 'start_line': 120, 'end_line': 121, 'runner_ident': '7a076ba2-2fd3-4493-ad2e-79687512a8ab', 'created': '2023-12-26T07:36:55.649006'}
2023-12-26T07:36:55.664762+00:00 CRITICAL 'ansible_navigator.actions.run_8219._handle_message' Unhandled message from runner queue, discarded: {'event': 'verbose', 'uuid': '0ea20997-5682-4723-8fdd-413416350dbd', 'counter': 122, 'stdout': '                        (default=10)', 'start_line': 121, 'end_line': 122, 'runner_ident': '7a076ba2-2fd3-4493-ad2e-79687512a8ab', 'created': '2023-12-26T07:36:55.649058'}
2023-12-26T07:36:55.664917+00:00 CRITICAL 'ansible_navigator.actions.run_8219._handle_message' Unhandled message from runner queue, discarded: {'event': 'verbose', 'uuid': 'a2f283b9-b761-48e3-9866-593c4df066bb', 'counter': 123, 'stdout': '  -c CONNECTION, --connection CONNECTION', 'start_line': 122, 'end_line': 123, 'runner_ident': '7a076ba2-2fd3-4493-ad2e-79687512a8ab', 'created': '2023-12-26T07:36:55.649110'}
2023-12-26T07:36:55.665043+00:00 CRITICAL 'ansible_navigator.actions.run_8219._handle_message' Unhandled message from runner queue, discarded: {'event': 'verbose', 'uuid': 'f123c400-3393-46ac-9968-995035f96e96', 'counter': 124, 'stdout': '                        connection type to use (default=smart)', 'start_line': 123, 'end_line': 124, 'runner_ident': '7a076ba2-2fd3-4493-ad2e-79687512a8ab', 'created': '2023-12-26T07:36:55.649165'}
2023-12-26T07:36:55.665161+00:00 CRITICAL 'ansible_navigator.actions.run_8219._handle_message' Unhandled message from runner queue, discarded: {'event': 'verbose', 'uuid': '31713e7b-9d23-487b-8ea8-46d47a11a5a2', 'counter': 125, 'stdout': '  -u REMOTE_USER, --user REMOTE_USER', 'start_line': 124, 'end_line': 125, 'runner_ident': '7a076ba2-2fd3-4493-ad2e-79687512a8ab', 'created': '2023-12-26T07:36:55.649220'}
2023-12-26T07:36:55.665275+00:00 CRITICAL 'ansible_navigator.actions.run_8219._handle_message' Unhandled message from runner queue, discarded: {'event': 'verbose', 'uuid': '5bdd3c84-53b3-4d2e-800b-b87a379da410', 'counter': 126, 'stdout': '                        connect as this user (default=None)', 'start_line': 125, 'end_line': 126, 'runner_ident': '7a076ba2-2fd3-4493-ad2e-79687512a8ab', 'created': '2023-12-26T07:36:55.649274'}
2023-12-26T07:36:55.665371+00:00 CRITICAL 'ansible_navigator.actions.run_8219._handle_message' Unhandled message from runner queue, discarded: {'event': 'verbose', 'uuid': '2f1948a0-499e-4f6f-81d4-dfdcae6f5df3', 'counter': 127, 'stdout': '', 'start_line': 126, 'end_line': 127, 'runner_ident': '7a076ba2-2fd3-4493-ad2e-79687512a8ab', 'created': '2023-12-26T07:36:55.649327'}
2023-12-26T07:36:55.665504+00:00 CRITICAL 'ansible_navigator.actions.run_8219._handle_message' Unhandled message from runner queue, discarded: {'event': 'verbose', 'uuid': 'f306edf1-71c8-4d37-b5bd-56c0c1e59358', 'counter': 128, 'stdout': 'Privilege Escalation Options:', 'start_line': 127, 'end_line': 128, 'runner_ident': '7a076ba2-2fd3-4493-ad2e-79687512a8ab', 'created': '2023-12-26T07:36:55.649381'}
2023-12-26T07:36:55.665614+00:00 CRITICAL 'ansible_navigator.actions.run_8219._handle_message' Unhandled message from runner queue, discarded: {'event': 'verbose', 'uuid': 'c7c0b1a3-c9c7-4638-a532-62fd6f9b28da', 'counter': 129, 'stdout': '  control how and which user you become as on target hosts', 'start_line': 128, 'end_line': 129, 'runner_ident': '7a076ba2-2fd3-4493-ad2e-79687512a8ab', 'created': '2023-12-26T07:36:55.649444'}
2023-12-26T07:36:55.665708+00:00 CRITICAL 'ansible_navigator.actions.run_8219._handle_message' Unhandled message from runner queue, discarded: {'event': 'verbose', 'uuid': '7e9ce427-ab73-4c61-97d1-a3b75788c79b', 'counter': 130, 'stdout': '', 'start_line': 129, 'end_line': 130, 'runner_ident': '7a076ba2-2fd3-4493-ad2e-79687512a8ab', 'created': '2023-12-26T07:36:55.649506'}
2023-12-26T07:36:55.665840+00:00 CRITICAL 'ansible_navigator.actions.run_8219._handle_message' Unhandled message from runner queue, discarded: {'event': 'verbose', 'uuid': '60bb433b-2363-4488-9aa6-02acd8f62244', 'counter': 131, 'stdout': '  --become-method BECOME_METHOD', 'start_line': 130, 'end_line': 131, 'runner_ident': '7a076ba2-2fd3-4493-ad2e-79687512a8ab', 'created': '2023-12-26T07:36:55.649566'}
2023-12-26T07:36:55.665961+00:00 CRITICAL 'ansible_navigator.actions.run_8219._handle_message' Unhandled message from runner queue, discarded: {'event': 'verbose', 'uuid': '02e92a8d-35a0-4753-845b-fd0d90de1ec2', 'counter': 132, 'stdout': '                        privilege escalation method to use (default=sudo), use', 'start_line': 131, 'end_line': 132, 'runner_ident': '7a076ba2-2fd3-4493-ad2e-79687512a8ab', 'created': '2023-12-26T07:36:55.649632'}
2023-12-26T07:36:55.666082+00:00 CRITICAL 'ansible_navigator.actions.run_8219._handle_message' Unhandled message from runner queue, discarded: {'event': 'verbose', 'uuid': 'cf8f5178-2ae0-450c-80fc-911aa2ed4703', 'counter': 133, 'stdout': '                        `ansible-doc -t become -l` to list valid choices.', 'start_line': 132, 'end_line': 133, 'runner_ident': '7a076ba2-2fd3-4493-ad2e-79687512a8ab', 'created': '2023-12-26T07:36:55.649714'}
2023-12-26T07:36:55.666204+00:00 CRITICAL 'ansible_navigator.actions.run_8219._handle_message' Unhandled message from runner queue, discarded: {'event': 'verbose', 'uuid': 'd31ec672-0946-428c-97fa-c96313311f85', 'counter': 134, 'stdout': '  --become-user BECOME_USER', 'start_line': 133, 'end_line': 134, 'runner_ident': '7a076ba2-2fd3-4493-ad2e-79687512a8ab', 'created': '2023-12-26T07:36:55.649816'}
2023-12-26T07:36:55.666329+00:00 CRITICAL 'ansible_navigator.actions.run_8219._handle_message' Unhandled message from runner queue, discarded: {'event': 'verbose', 'uuid': '6653791d-7133-423c-94a5-90ad99b10620', 'counter': 135, 'stdout': '                        run operations as this user (default=root)', 'start_line': 134, 'end_line': 135, 'runner_ident': '7a076ba2-2fd3-4493-ad2e-79687512a8ab', 'created': '2023-12-26T07:36:55.649890'}
2023-12-26T07:36:55.666452+00:00 CRITICAL 'ansible_navigator.actions.run_8219._handle_message' Unhandled message from runner queue, discarded: {'event': 'verbose', 'uuid': 'e363525c-e06c-48da-a182-fdf3e5234db1', 'counter': 136, 'stdout': '  -b, --become          run operations with become (does not imply password', 'start_line': 135, 'end_line': 136, 'runner_ident': '7a076ba2-2fd3-4493-ad2e-79687512a8ab', 'created': '2023-12-26T07:36:55.649950'}
2023-12-26T07:36:55.666568+00:00 CRITICAL 'ansible_navigator.actions.run_8219._handle_message' Unhandled message from runner queue, discarded: {'event': 'verbose', 'uuid': 'c1dc3fc3-d610-4189-b93d-b157db8b7da9', 'counter': 137, 'stdout': '                        prompting)', 'start_line': 136, 'end_line': 137, 'runner_ident': '7a076ba2-2fd3-4493-ad2e-79687512a8ab', 'created': '2023-12-26T07:36:55.650010'}
2023-12-26T07:37:00.505396+00:00 WARNING 'ansible_navigator.run' Dirty exit, killing the pid
2023-12-26T07:57:49.852065+00:00 WARNING 'ansible_navigator.run' Dirty exit, killing the pid
